{"C:\\projects\\grido\\frontend\\src\\App.tsx": {"path":"C:\\projects\\grido\\frontend\\src\\App.tsx","statementMap":{"0":{"start":{"line":9,"column":6},"end":{"line":9,"column":null}},"1":{"start":{"line":9,"column":32},"end":{"line":9,"column":null}},"2":{"start":{"line":9,"column":94},"end":{"line":9,"column":null}},"3":{"start":{"line":10,"column":6},"end":{"line":10,"column":null}},"4":{"start":{"line":10,"column":31},"end":{"line":10,"column":null}},"5":{"start":{"line":10,"column":92},"end":{"line":10,"column":null}},"6":{"start":{"line":44,"column":34},"end":{"line":44,"column":null}},"7":{"start":{"line":45,"column":32},"end":{"line":45,"column":null}},"8":{"start":{"line":46,"column":52},"end":{"line":46,"column":null}},"9":{"start":{"line":47,"column":44},"end":{"line":47,"column":null}},"10":{"start":{"line":48,"column":42},"end":{"line":48,"column":null}},"11":{"start":{"line":50,"column":29},"end":{"line":50,"column":null}},"12":{"start":{"line":59,"column":2},"end":{"line":59,"column":null}},"13":{"start":{"line":61,"column":2},"end":{"line":61,"column":null}},"14":{"start":{"line":62,"column":2},"end":{"line":62,"column":null}},"15":{"start":{"line":64,"column":8},"end":{"line":64,"column":null}},"16":{"start":{"line":64,"column":41},"end":{"line":64,"column":51}},"17":{"start":{"line":65,"column":8},"end":{"line":65,"column":null}},"18":{"start":{"line":65,"column":44},"end":{"line":65,"column":57}},"19":{"start":{"line":67,"column":8},"end":{"line":67,"column":null}},"20":{"start":{"line":67,"column":55},"end":{"line":67,"column":79}},"21":{"start":{"line":69,"column":8},"end":{"line":69,"column":null}},"22":{"start":{"line":69,"column":41},"end":{"line":69,"column":51}},"23":{"start":{"line":74,"column":2},"end":{"line":78,"column":null}},"24":{"start":{"line":74,"column":44},"end":{"line":78,"column":4}},"25":{"start":{"line":79,"column":26},"end":{"line":79,"column":null}},"26":{"start":{"line":80,"column":8},"end":{"line":80,"column":null}},"27":{"start":{"line":80,"column":56},"end":{"line":80,"column":81}},"28":{"start":{"line":81,"column":8},"end":{"line":81,"column":null}},"29":{"start":{"line":81,"column":55},"end":{"line":81,"column":79}},"30":{"start":{"line":82,"column":8},"end":{"line":82,"column":null}},"31":{"start":{"line":82,"column":50},"end":{"line":82,"column":69}},"32":{"start":{"line":84,"column":28},"end":{"line":84,"column":null}},"33":{"start":{"line":85,"column":36},"end":{"line":85,"column":null}},"34":{"start":{"line":87,"column":2},"end":{"line":103,"column":null}},"35":{"start":{"line":88,"column":18},"end":{"line":94,"column":null}},"36":{"start":{"line":89,"column":22},"end":{"line":89,"column":null}},"37":{"start":{"line":90,"column":6},"end":{"line":92,"column":null}},"38":{"start":{"line":91,"column":8},"end":{"line":91,"column":null}},"39":{"start":{"line":93,"column":6},"end":{"line":93,"column":null}},"40":{"start":{"line":95,"column":4},"end":{"line":95,"column":null}},"41":{"start":{"line":98,"column":23},"end":{"line":100,"column":null}},"42":{"start":{"line":99,"column":6},"end":{"line":99,"column":null}},"43":{"start":{"line":102,"column":4},"end":{"line":102,"column":null}},"44":{"start":{"line":102,"column":17},"end":{"line":102,"column":null}},"45":{"start":{"line":105,"column":22},"end":{"line":105,"column":null}},"46":{"start":{"line":107,"column":2},"end":{"line":138,"column":null}},"47":{"start":{"line":108,"column":4},"end":{"line":136,"column":null}},"48":{"start":{"line":140,"column":2},"end":{"line":207,"column":null}},"49":{"start":{"line":141,"column":4},"end":{"line":205,"column":null}},"50":{"start":{"line":156,"column":12},"end":{"line":156,"column":null}},"51":{"start":{"line":157,"column":12},"end":{"line":157,"column":null}},"52":{"start":{"line":157,"column":26},"end":{"line":157,"column":null}},"53":{"start":{"line":158,"column":12},"end":{"line":158,"column":null}},"54":{"start":{"line":159,"column":12},"end":{"line":166,"column":null}},"55":{"start":{"line":160,"column":14},"end":{"line":160,"column":null}},"56":{"start":{"line":161,"column":14},"end":{"line":161,"column":null}},"57":{"start":{"line":163,"column":14},"end":{"line":163,"column":null}},"58":{"start":{"line":165,"column":14},"end":{"line":165,"column":null}},"59":{"start":{"line":177,"column":35},"end":{"line":177,"column":null}},"60":{"start":{"line":193,"column":113},"end":{"line":193,"column":140}},"61":{"start":{"line":198,"column":131},"end":{"line":198,"column":148}},"62":{"start":{"line":209,"column":2},"end":{"line":472,"column":null}},"63":{"start":{"line":238,"column":29},"end":{"line":238,"column":null}},"64":{"start":{"line":261,"column":29},"end":{"line":261,"column":null}},"65":{"start":{"line":287,"column":29},"end":{"line":287,"column":null}},"66":{"start":{"line":313,"column":29},"end":{"line":313,"column":null}},"67":{"start":{"line":322,"column":29},"end":{"line":322,"column":null}},"68":{"start":{"line":366,"column":10},"end":{"line":374,"column":null}},"69":{"start":{"line":367,"column":12},"end":{"line":372,"column":null}},"70":{"start":{"line":370,"column":31},"end":{"line":370,"column":null}},"71":{"start":{"line":373,"column":12},"end":{"line":373,"column":null}},"72":{"start":{"line":375,"column":10},"end":{"line":375,"column":null}},"73":{"start":{"line":377,"column":24},"end":{"line":377,"column":null}},"74":{"start":{"line":410,"column":96},"end":{"line":410,"column":null}},"75":{"start":{"line":410,"column":125},"end":{"line":410,"column":147}},"76":{"start":{"line":413,"column":142},"end":{"line":413,"column":null}},"77":{"start":{"line":416,"column":96},"end":{"line":416,"column":null}},"78":{"start":{"line":416,"column":125},"end":{"line":416,"column":145}}},"fnMap":{"0":{"name":"(anonymous_0)","decl":{"start":{"line":9,"column":26},"end":{"line":9,"column":32}},"loc":{"start":{"line":9,"column":32},"end":{"line":9,"column":null}},"line":9},"1":{"name":"(anonymous_1)","decl":{"start":{"line":9,"column":81},"end":{"line":9,"column":92}},"loc":{"start":{"line":9,"column":94},"end":{"line":9,"column":null}},"line":9},"2":{"name":"(anonymous_2)","decl":{"start":{"line":10,"column":25},"end":{"line":10,"column":31}},"loc":{"start":{"line":10,"column":31},"end":{"line":10,"column":null}},"line":10},"3":{"name":"(anonymous_3)","decl":{"start":{"line":10,"column":79},"end":{"line":10,"column":90}},"loc":{"start":{"line":10,"column":92},"end":{"line":10,"column":null}},"line":10},"4":{"name":"App","decl":{"start":{"line":43,"column":24},"end":{"line":43,"column":30}},"loc":{"start":{"line":43,"column":30},"end":{"line":474,"column":null}},"line":43},"5":{"name":"(anonymous_5)","decl":{"start":{"line":64,"column":30},"end":{"line":64,"column":31}},"loc":{"start":{"line":64,"column":41},"end":{"line":64,"column":51}},"line":64},"6":{"name":"(anonymous_6)","decl":{"start":{"line":65,"column":33},"end":{"line":65,"column":34}},"loc":{"start":{"line":65,"column":44},"end":{"line":65,"column":57}},"line":65},"7":{"name":"(anonymous_7)","decl":{"start":{"line":67,"column":44},"end":{"line":67,"column":45}},"loc":{"start":{"line":67,"column":55},"end":{"line":67,"column":79}},"line":67},"8":{"name":"(anonymous_8)","decl":{"start":{"line":69,"column":30},"end":{"line":69,"column":31}},"loc":{"start":{"line":69,"column":41},"end":{"line":69,"column":51}},"line":69},"9":{"name":"(anonymous_9)","decl":{"start":{"line":74,"column":32},"end":{"line":74,"column":33}},"loc":{"start":{"line":74,"column":44},"end":{"line":78,"column":4}},"line":74},"10":{"name":"(anonymous_10)","decl":{"start":{"line":80,"column":45},"end":{"line":80,"column":46}},"loc":{"start":{"line":80,"column":56},"end":{"line":80,"column":81}},"line":80},"11":{"name":"(anonymous_11)","decl":{"start":{"line":81,"column":44},"end":{"line":81,"column":45}},"loc":{"start":{"line":81,"column":55},"end":{"line":81,"column":79}},"line":81},"12":{"name":"(anonymous_12)","decl":{"start":{"line":82,"column":39},"end":{"line":82,"column":40}},"loc":{"start":{"line":82,"column":50},"end":{"line":82,"column":69}},"line":82},"13":{"name":"(anonymous_13)","decl":{"start":{"line":87,"column":12},"end":{"line":87,"column":18}},"loc":{"start":{"line":87,"column":18},"end":{"line":103,"column":5}},"line":87},"14":{"name":"(anonymous_14)","decl":{"start":{"line":88,"column":18},"end":{"line":88,"column":30}},"loc":{"start":{"line":88,"column":30},"end":{"line":94,"column":null}},"line":88},"15":{"name":"(anonymous_15)","decl":{"start":{"line":98,"column":35},"end":{"line":98,"column":41}},"loc":{"start":{"line":98,"column":41},"end":{"line":100,"column":7}},"line":98},"16":{"name":"(anonymous_16)","decl":{"start":{"line":102,"column":11},"end":{"line":102,"column":17}},"loc":{"start":{"line":102,"column":17},"end":{"line":102,"column":null}},"line":102},"17":{"name":"(anonymous_17)","decl":{"start":{"line":155,"column":26},"end":{"line":155,"column":33}},"loc":{"start":{"line":155,"column":39},"end":{"line":167,"column":13}},"line":155},"18":{"name":"(anonymous_18)","decl":{"start":{"line":177,"column":28},"end":{"line":177,"column":29}},"loc":{"start":{"line":177,"column":35},"end":{"line":177,"column":null}},"line":177},"19":{"name":"(anonymous_19)","decl":{"start":{"line":193,"column":107},"end":{"line":193,"column":113}},"loc":{"start":{"line":193,"column":113},"end":{"line":193,"column":140}},"line":193},"20":{"name":"(anonymous_20)","decl":{"start":{"line":198,"column":125},"end":{"line":198,"column":131}},"loc":{"start":{"line":198,"column":131},"end":{"line":198,"column":148}},"line":198},"21":{"name":"(anonymous_21)","decl":{"start":{"line":238,"column":23},"end":{"line":238,"column":29}},"loc":{"start":{"line":238,"column":29},"end":{"line":238,"column":null}},"line":238},"22":{"name":"(anonymous_22)","decl":{"start":{"line":261,"column":23},"end":{"line":261,"column":29}},"loc":{"start":{"line":261,"column":29},"end":{"line":261,"column":null}},"line":261},"23":{"name":"(anonymous_23)","decl":{"start":{"line":287,"column":23},"end":{"line":287,"column":29}},"loc":{"start":{"line":287,"column":29},"end":{"line":287,"column":null}},"line":287},"24":{"name":"(anonymous_24)","decl":{"start":{"line":313,"column":23},"end":{"line":313,"column":29}},"loc":{"start":{"line":313,"column":29},"end":{"line":313,"column":null}},"line":313},"25":{"name":"(anonymous_25)","decl":{"start":{"line":322,"column":23},"end":{"line":322,"column":29}},"loc":{"start":{"line":322,"column":29},"end":{"line":322,"column":null}},"line":322},"26":{"name":"(anonymous_26)","decl":{"start":{"line":365,"column":17},"end":{"line":365,"column":23}},"loc":{"start":{"line":365,"column":23},"end":{"line":376,"column":null}},"line":365},"27":{"name":"(anonymous_27)","decl":{"start":{"line":370,"column":25},"end":{"line":370,"column":31}},"loc":{"start":{"line":370,"column":31},"end":{"line":370,"column":null}},"line":370},"28":{"name":"(anonymous_28)","decl":{"start":{"line":377,"column":18},"end":{"line":377,"column":24}},"loc":{"start":{"line":377,"column":24},"end":{"line":377,"column":null}},"line":377},"29":{"name":"(anonymous_29)","decl":{"start":{"line":410,"column":90},"end":{"line":410,"column":96}},"loc":{"start":{"line":410,"column":96},"end":{"line":410,"column":null}},"line":410},"30":{"name":"(anonymous_30)","decl":{"start":{"line":410,"column":110},"end":{"line":410,"column":111}},"loc":{"start":{"line":410,"column":125},"end":{"line":410,"column":147}},"line":410},"31":{"name":"(anonymous_31)","decl":{"start":{"line":413,"column":136},"end":{"line":413,"column":142}},"loc":{"start":{"line":413,"column":142},"end":{"line":413,"column":null}},"line":413},"32":{"name":"(anonymous_32)","decl":{"start":{"line":416,"column":90},"end":{"line":416,"column":96}},"loc":{"start":{"line":416,"column":96},"end":{"line":416,"column":null}},"line":416},"33":{"name":"(anonymous_33)","decl":{"start":{"line":416,"column":110},"end":{"line":416,"column":111}},"loc":{"start":{"line":416,"column":125},"end":{"line":416,"column":145}},"line":416}},"branchMap":{"0":{"loc":{"start":{"line":90,"column":6},"end":{"line":92,"column":null}},"type":"if","locations":[{"start":{"line":90,"column":6},"end":{"line":92,"column":null}},{"start":{},"end":{}}],"line":90},"1":{"loc":{"start":{"line":90,"column":10},"end":{"line":90,"column":38}},"type":"binary-expr","locations":[{"start":{"line":90,"column":10},"end":{"line":90,"column":22}},{"start":{"line":90,"column":22},"end":{"line":90,"column":38}}],"line":90},"2":{"loc":{"start":{"line":105,"column":22},"end":{"line":105,"column":null}},"type":"binary-expr","locations":[{"start":{"line":105,"column":22},"end":{"line":105,"column":36}},{"start":{"line":105,"column":36},"end":{"line":105,"column":49}},{"start":{"line":105,"column":49},"end":{"line":105,"column":72}},{"start":{"line":105,"column":72},"end":{"line":105,"column":null}}],"line":105},"3":{"loc":{"start":{"line":107,"column":2},"end":{"line":138,"column":null}},"type":"if","locations":[{"start":{"line":107,"column":2},"end":{"line":138,"column":null}},{"start":{},"end":{}}],"line":107},"4":{"loc":{"start":{"line":140,"column":2},"end":{"line":207,"column":null}},"type":"if","locations":[{"start":{"line":140,"column":2},"end":{"line":207,"column":null}},{"start":{},"end":{}}],"line":140},"5":{"loc":{"start":{"line":157,"column":12},"end":{"line":157,"column":null}},"type":"if","locations":[{"start":{"line":157,"column":12},"end":{"line":157,"column":null}},{"start":{},"end":{}}],"line":157},"6":{"loc":{"start":{"line":163,"column":26},"end":{"line":163,"column":60}},"type":"binary-expr","locations":[{"start":{"line":163,"column":26},"end":{"line":163,"column":41}},{"start":{"line":163,"column":41},"end":{"line":163,"column":60}}],"line":163},"7":{"loc":{"start":{"line":184,"column":15},"end":{"line":187,"column":null}},"type":"cond-expr","locations":[{"start":{"line":185,"column":16},"end":{"line":185,"column":null}},{"start":{"line":187,"column":16},"end":{"line":187,"column":null}}],"line":184},"8":{"loc":{"start":{"line":197,"column":13},"end":{"line":200,"column":null}},"type":"binary-expr","locations":[{"start":{"line":197,"column":13},"end":{"line":197,"column":21}},{"start":{"line":197,"column":21},"end":{"line":197,"column":null}},{"start":{"line":198,"column":14},"end":{"line":200,"column":null}}],"line":197},"9":{"loc":{"start":{"line":217,"column":7},"end":{"line":217,"column":null}},"type":"binary-expr","locations":[{"start":{"line":217,"column":7},"end":{"line":217,"column":23}},{"start":{"line":217,"column":23},"end":{"line":217,"column":null}}],"line":217},"10":{"loc":{"start":{"line":221,"column":10},"end":{"line":221,"column":null}},"type":"cond-expr","locations":[{"start":{"line":221,"column":23},"end":{"line":221,"column":38}},{"start":{"line":221,"column":38},"end":{"line":221,"column":null}}],"line":221},"11":{"loc":{"start":{"line":243,"column":16},"end":{"line":245,"column":null}},"type":"cond-expr","locations":[{"start":{"line":244,"column":20},"end":{"line":244,"column":null}},{"start":{"line":245,"column":20},"end":{"line":245,"column":null}}],"line":243},"12":{"loc":{"start":{"line":248,"column":15},"end":{"line":253,"column":null}},"type":"binary-expr","locations":[{"start":{"line":248,"column":15},"end":{"line":248,"column":null}},{"start":{"line":249,"column":16},"end":{"line":253,"column":null}}],"line":248},"13":{"loc":{"start":{"line":266,"column":16},"end":{"line":268,"column":null}},"type":"cond-expr","locations":[{"start":{"line":267,"column":20},"end":{"line":267,"column":null}},{"start":{"line":268,"column":20},"end":{"line":268,"column":null}}],"line":266},"14":{"loc":{"start":{"line":271,"column":15},"end":{"line":276,"column":null}},"type":"binary-expr","locations":[{"start":{"line":271,"column":15},"end":{"line":271,"column":null}},{"start":{"line":272,"column":16},"end":{"line":276,"column":null}}],"line":271},"15":{"loc":{"start":{"line":291,"column":15},"end":{"line":294,"column":null}},"type":"cond-expr","locations":[{"start":{"line":292,"column":16},"end":{"line":292,"column":null}},{"start":{"line":294,"column":16},"end":{"line":294,"column":null}}],"line":291},"16":{"loc":{"start":{"line":296,"column":15},"end":{"line":297,"column":null}},"type":"binary-expr","locations":[{"start":{"line":296,"column":15},"end":{"line":296,"column":null}},{"start":{"line":297,"column":16},"end":{"line":297,"column":null}}],"line":296},"17":{"loc":{"start":{"line":305,"column":21},"end":{"line":305,"column":null}},"type":"cond-expr","locations":[{"start":{"line":305,"column":41},"end":{"line":305,"column":58}},{"start":{"line":305,"column":58},"end":{"line":305,"column":null}}],"line":305},"18":{"loc":{"start":{"line":307,"column":15},"end":{"line":307,"column":null}},"type":"cond-expr","locations":[{"start":{"line":307,"column":35},"end":{"line":307,"column":70}},{"start":{"line":307,"column":70},"end":{"line":307,"column":null}}],"line":307},"19":{"loc":{"start":{"line":346,"column":21},"end":{"line":346,"column":null}},"type":"cond-expr","locations":[{"start":{"line":346,"column":35},"end":{"line":346,"column":47}},{"start":{"line":346,"column":47},"end":{"line":346,"column":null}}],"line":346},"20":{"loc":{"start":{"line":348,"column":15},"end":{"line":348,"column":null}},"type":"cond-expr","locations":[{"start":{"line":348,"column":29},"end":{"line":348,"column":69}},{"start":{"line":348,"column":69},"end":{"line":348,"column":null}}],"line":348},"21":{"loc":{"start":{"line":366,"column":10},"end":{"line":374,"column":null}},"type":"if","locations":[{"start":{"line":366,"column":10},"end":{"line":374,"column":null}},{"start":{},"end":{}}],"line":366}},"s":{"0":1,"1":1,"2":1,"3":1,"4":1,"5":1,"6":13,"7":13,"8":13,"9":13,"10":13,"11":13,"12":13,"13":13,"14":13,"15":13,"16":45,"17":13,"18":45,"19":13,"20":45,"21":13,"22":45,"23":13,"24":45,"25":13,"26":13,"27":45,"28":13,"29":45,"30":13,"31":45,"32":13,"33":13,"34":13,"35":3,"36":3,"37":3,"38":3,"39":3,"40":3,"41":3,"42":0,"43":3,"44":3,"45":13,"46":13,"47":9,"48":3,"49":0,"50":0,"51":0,"52":0,"53":0,"54":0,"55":0,"56":0,"57":0,"58":0,"59":0,"60":0,"61":0,"62":3,"63":0,"64":0,"65":0,"66":0,"67":0,"68":0,"69":0,"70":0,"71":0,"72":0,"73":0,"74":0,"75":0,"76":0,"77":0,"78":0},"f":{"0":1,"1":1,"2":1,"3":1,"4":13,"5":45,"6":45,"7":45,"8":45,"9":45,"10":45,"11":45,"12":45,"13":3,"14":3,"15":0,"16":3,"17":0,"18":0,"19":0,"20":0,"21":0,"22":0,"23":0,"24":0,"25":0,"26":0,"27":0,"28":0,"29":0,"30":0,"31":0,"32":0,"33":0},"b":{"0":[3,0],"1":[3,3],"2":[13,12,12,12],"3":[9,4],"4":[0,3],"5":[0,0],"6":[0,0],"7":[0,0],"8":[0,0,0],"9":[3,0],"10":[0,3],"11":[3,0],"12":[13,3],"13":[0,3],"14":[13,0],"15":[3,0],"16":[13,0],"17":[0,3],"18":[0,3],"19":[3,0],"20":[3,0],"21":[0,0]},"meta":{"lastBranch":22,"lastFunction":34,"lastStatement":79,"seen":{"s:9:6:9:Infinity":0,"f:9:26:9:32":0,"s:9:32:9:Infinity":1,"f:9:81:9:92":1,"s:9:94:9:Infinity":2,"s:10:6:10:Infinity":3,"f:10:25:10:31":2,"s:10:31:10:Infinity":4,"f:10:79:10:90":3,"s:10:92:10:Infinity":5,"f:43:24:43:30":4,"s:44:34:44:Infinity":6,"s:45:32:45:Infinity":7,"s:46:52:46:Infinity":8,"s:47:44:47:Infinity":9,"s:48:42:48:Infinity":10,"s:50:29:50:Infinity":11,"s:59:2:59:Infinity":12,"s:61:2:61:Infinity":13,"s:62:2:62:Infinity":14,"s:64:8:64:Infinity":15,"f:64:30:64:31":5,"s:64:41:64:51":16,"s:65:8:65:Infinity":17,"f:65:33:65:34":6,"s:65:44:65:57":18,"s:67:8:67:Infinity":19,"f:67:44:67:45":7,"s:67:55:67:79":20,"s:69:8:69:Infinity":21,"f:69:30:69:31":8,"s:69:41:69:51":22,"s:74:2:78:Infinity":23,"f:74:32:74:33":9,"s:74:44:78:4":24,"s:79:26:79:Infinity":25,"s:80:8:80:Infinity":26,"f:80:45:80:46":10,"s:80:56:80:81":27,"s:81:8:81:Infinity":28,"f:81:44:81:45":11,"s:81:55:81:79":29,"s:82:8:82:Infinity":30,"f:82:39:82:40":12,"s:82:50:82:69":31,"s:84:28:84:Infinity":32,"s:85:36:85:Infinity":33,"s:87:2:103:Infinity":34,"f:87:12:87:18":13,"s:88:18:94:Infinity":35,"f:88:18:88:30":14,"s:89:22:89:Infinity":36,"b:90:6:92:Infinity:undefined:undefined:undefined:undefined":0,"s:90:6:92:Infinity":37,"b:90:10:90:22:90:22:90:38":1,"s:91:8:91:Infinity":38,"s:93:6:93:Infinity":39,"s:95:4:95:Infinity":40,"s:98:23:100:Infinity":41,"f:98:35:98:41":15,"s:99:6:99:Infinity":42,"s:102:4:102:Infinity":43,"f:102:11:102:17":16,"s:102:17:102:Infinity":44,"s:105:22:105:Infinity":45,"b:105:22:105:36:105:36:105:49:105:49:105:72:105:72:105:Infinity":2,"b:107:2:138:Infinity:undefined:undefined:undefined:undefined":3,"s:107:2:138:Infinity":46,"s:108:4:136:Infinity":47,"b:140:2:207:Infinity:undefined:undefined:undefined:undefined":4,"s:140:2:207:Infinity":48,"s:141:4:205:Infinity":49,"f:155:26:155:33":17,"s:156:12:156:Infinity":50,"b:157:12:157:Infinity:undefined:undefined:undefined:undefined":5,"s:157:12:157:Infinity":51,"s:157:26:157:Infinity":52,"s:158:12:158:Infinity":53,"s:159:12:166:Infinity":54,"s:160:14:160:Infinity":55,"s:161:14:161:Infinity":56,"s:163:14:163:Infinity":57,"b:163:26:163:41:163:41:163:60":6,"s:165:14:165:Infinity":58,"f:177:28:177:29":18,"s:177:35:177:Infinity":59,"b:185:16:185:Infinity:187:16:187:Infinity":7,"f:193:107:193:113":19,"s:193:113:193:140":60,"b:197:13:197:21:197:21:197:Infinity:198:14:200:Infinity":8,"f:198:125:198:131":20,"s:198:131:198:148":61,"s:209:2:472:Infinity":62,"b:217:7:217:23:217:23:217:Infinity":9,"b:221:23:221:38:221:38:221:Infinity":10,"f:238:23:238:29":21,"s:238:29:238:Infinity":63,"b:244:20:244:Infinity:245:20:245:Infinity":11,"b:248:15:248:Infinity:249:16:253:Infinity":12,"f:261:23:261:29":22,"s:261:29:261:Infinity":64,"b:267:20:267:Infinity:268:20:268:Infinity":13,"b:271:15:271:Infinity:272:16:276:Infinity":14,"f:287:23:287:29":23,"s:287:29:287:Infinity":65,"b:292:16:292:Infinity:294:16:294:Infinity":15,"b:296:15:296:Infinity:297:16:297:Infinity":16,"b:305:41:305:58:305:58:305:Infinity":17,"b:307:35:307:70:307:70:307:Infinity":18,"f:313:23:313:29":24,"s:313:29:313:Infinity":66,"f:322:23:322:29":25,"s:322:29:322:Infinity":67,"b:346:35:346:47:346:47:346:Infinity":19,"b:348:29:348:69:348:69:348:Infinity":20,"f:365:17:365:23":26,"b:366:10:374:Infinity:undefined:undefined:undefined:undefined":21,"s:366:10:374:Infinity":68,"s:367:12:372:Infinity":69,"f:370:25:370:31":27,"s:370:31:370:Infinity":70,"s:373:12:373:Infinity":71,"s:375:10:375:Infinity":72,"f:377:18:377:24":28,"s:377:24:377:Infinity":73,"f:410:90:410:96":29,"s:410:96:410:Infinity":74,"f:410:110:410:111":30,"s:410:125:410:147":75,"f:413:136:413:142":31,"s:413:142:413:Infinity":76,"f:416:90:416:96":32,"s:416:96:416:Infinity":77,"f:416:110:416:111":33,"s:416:125:416:145":78},"fnNames":{}}}
,"C:\\projects\\grido\\frontend\\src\\components\\error-boundary.tsx": {"path":"C:\\projects\\grido\\frontend\\src\\components\\error-boundary.tsx","statementMap":{"0":{"start":{"line":15,"column":24},"end":{"line":18,"column":null}},"1":{"start":{"line":28,"column":24},"end":{"line":31,"column":null}},"2":{"start":{"line":21,"column":4},"end":{"line":21,"column":null}},"3":{"start":{"line":25,"column":4},"end":{"line":25,"column":null}},"4":{"start":{"line":29,"column":4},"end":{"line":29,"column":null}},"5":{"start":{"line":30,"column":4},"end":{"line":30,"column":null}},"6":{"start":{"line":34,"column":4},"end":{"line":58,"column":null}},"7":{"start":{"line":35,"column":6},"end":{"line":56,"column":null}},"8":{"start":{"line":60,"column":4},"end":{"line":60,"column":null}}},"fnMap":{"0":{"name":"getDerivedStateFromError","decl":{"start":{"line":20,"column":16},"end":{"line":20,"column":41}},"loc":{"start":{"line":20,"column":62},"end":{"line":22,"column":null}},"line":20},"1":{"name":"componentDidCatch","decl":{"start":{"line":24,"column":9},"end":{"line":24,"column":27}},"loc":{"start":{"line":24,"column":63},"end":{"line":26,"column":null}},"line":24},"2":{"name":"(anonymous_2)","decl":{"start":{"line":28,"column":24},"end":{"line":28,"column":30}},"loc":{"start":{"line":28,"column":30},"end":{"line":31,"column":null}},"line":28},"3":{"name":"render","decl":{"start":{"line":33,"column":9},"end":{"line":33,"column":18}},"loc":{"start":{"line":33,"column":18},"end":{"line":61,"column":null}},"line":33}},"branchMap":{"0":{"loc":{"start":{"line":34,"column":4},"end":{"line":58,"column":null}},"type":"if","locations":[{"start":{"line":34,"column":4},"end":{"line":58,"column":null}},{"start":{},"end":{}}],"line":34},"1":{"loc":{"start":{"line":45,"column":13},"end":{"line":48,"column":null}},"type":"binary-expr","locations":[{"start":{"line":45,"column":13},"end":{"line":45,"column":null}},{"start":{"line":46,"column":14},"end":{"line":48,"column":null}}],"line":45}},"s":{"0":6,"1":0,"2":0,"3":0,"4":0,"5":0,"6":6,"7":0,"8":6},"f":{"0":6,"1":0,"2":0,"3":6},"b":{"0":[0,6],"1":[0,0]},"meta":{"lastBranch":2,"lastFunction":4,"lastStatement":9,"seen":{"s:15:24:18:Infinity":0,"s:28:24:31:Infinity":1,"f:20:16:20:41":0,"s:21:4:21:Infinity":2,"f:24:9:24:27":1,"s:25:4:25:Infinity":3,"f:28:24:28:30":2,"s:29:4:29:Infinity":4,"s:30:4:30:Infinity":5,"f:33:9:33:18":3,"b:34:4:58:Infinity:undefined:undefined:undefined:undefined":0,"s:34:4:58:Infinity":6,"s:35:6:56:Infinity":7,"b:45:13:45:Infinity:46:14:48:Infinity":1,"s:60:4:60:Infinity":8},"fnNames":{}}}
,"C:\\projects\\grido\\frontend\\src\\components\\editor\\account-license-modal.tsx": {"path":"C:\\projects\\grido\\frontend\\src\\components\\editor\\account-license-modal.tsx","statementMap":{"0":{"start":{"line":53,"column":2},"end":{"line":66,"column":null}},"1":{"start":{"line":54,"column":27},"end":{"line":65,"column":6}},"2":{"start":{"line":69,"column":32},"end":{"line":75,"column":null}},"3":{"start":{"line":70,"column":17},"end":{"line":70,"column":null}},"4":{"start":{"line":71,"column":4},"end":{"line":73,"column":null}},"5":{"start":{"line":72,"column":6},"end":{"line":72,"column":null}},"6":{"start":{"line":74,"column":4},"end":{"line":74,"column":null}},"7":{"start":{"line":76,"column":30},"end":{"line":76,"column":null}},"8":{"start":{"line":77,"column":22},"end":{"line":77,"column":null}},"9":{"start":{"line":78,"column":24},"end":{"line":78,"column":null}},"10":{"start":{"line":79,"column":30},"end":{"line":79,"column":null}},"11":{"start":{"line":80,"column":34},"end":{"line":80,"column":null}},"12":{"start":{"line":81,"column":28},"end":{"line":81,"column":null}},"13":{"start":{"line":82,"column":40},"end":{"line":82,"column":null}},"14":{"start":{"line":83,"column":24},"end":{"line":83,"column":null}},"15":{"start":{"line":84,"column":28},"end":{"line":84,"column":null}},"16":{"start":{"line":85,"column":28},"end":{"line":85,"column":null}},"17":{"start":{"line":88,"column":2},"end":{"line":92,"column":null}},"18":{"start":{"line":89,"column":4},"end":{"line":91,"column":null}},"19":{"start":{"line":90,"column":6},"end":{"line":90,"column":null}},"20":{"start":{"line":95,"column":2},"end":{"line":105,"column":null}},"21":{"start":{"line":96,"column":4},"end":{"line":104,"column":null}},"22":{"start":{"line":97,"column":6},"end":{"line":99,"column":null}},"23":{"start":{"line":98,"column":8},"end":{"line":98,"column":null}},"24":{"start":{"line":101,"column":6},"end":{"line":103,"column":null}},"25":{"start":{"line":102,"column":8},"end":{"line":102,"column":null}},"26":{"start":{"line":107,"column":28},"end":{"line":121,"column":null}},"27":{"start":{"line":108,"column":4},"end":{"line":108,"column":null}},"28":{"start":{"line":109,"column":4},"end":{"line":109,"column":null}},"29":{"start":{"line":110,"column":4},"end":{"line":120,"column":null}},"30":{"start":{"line":111,"column":6},"end":{"line":111,"column":null}},"31":{"start":{"line":112,"column":6},"end":{"line":112,"column":null}},"32":{"start":{"line":113,"column":6},"end":{"line":113,"column":null}},"33":{"start":{"line":115,"column":21},"end":{"line":115,"column":null}},"34":{"start":{"line":116,"column":6},"end":{"line":116,"column":null}},"35":{"start":{"line":117,"column":6},"end":{"line":117,"column":null}},"36":{"start":{"line":119,"column":6},"end":{"line":119,"column":null}},"37":{"start":{"line":123,"column":21},"end":{"line":162,"column":null}},"38":{"start":{"line":124,"column":4},"end":{"line":124,"column":null}},"39":{"start":{"line":125,"column":4},"end":{"line":125,"column":null}},"40":{"start":{"line":126,"column":4},"end":{"line":126,"column":null}},"41":{"start":{"line":127,"column":4},"end":{"line":161,"column":null}},"42":{"start":{"line":128,"column":6},"end":{"line":148,"column":null}},"43":{"start":{"line":129,"column":8},"end":{"line":129,"column":null}},"44":{"start":{"line":130,"column":8},"end":{"line":130,"column":null}},"45":{"start":{"line":131,"column":8},"end":{"line":131,"column":null}},"46":{"start":{"line":132,"column":8},"end":{"line":132,"column":null}},"47":{"start":{"line":135,"column":8},"end":{"line":139,"column":null}},"48":{"start":{"line":136,"column":10},"end":{"line":136,"column":null}},"49":{"start":{"line":138,"column":10},"end":{"line":138,"column":null}},"50":{"start":{"line":141,"column":8},"end":{"line":147,"column":null}},"51":{"start":{"line":142,"column":10},"end":{"line":142,"column":null}},"52":{"start":{"line":143,"column":10},"end":{"line":143,"column":null}},"53":{"start":{"line":145,"column":10},"end":{"line":145,"column":null}},"54":{"start":{"line":146,"column":10},"end":{"line":146,"column":null}},"55":{"start":{"line":150,"column":21},"end":{"line":150,"column":null}},"56":{"start":{"line":151,"column":6},"end":{"line":158,"column":null}},"57":{"start":{"line":152,"column":8},"end":{"line":152,"column":null}},"58":{"start":{"line":153,"column":8},"end":{"line":153,"column":null}},"59":{"start":{"line":154,"column":8},"end":{"line":154,"column":null}},"60":{"start":{"line":156,"column":8},"end":{"line":156,"column":null}},"61":{"start":{"line":157,"column":8},"end":{"line":157,"column":null}},"62":{"start":{"line":160,"column":6},"end":{"line":160,"column":null}},"63":{"start":{"line":164,"column":25},"end":{"line":179,"column":null}},"64":{"start":{"line":165,"column":4},"end":{"line":165,"column":null}},"65":{"start":{"line":166,"column":4},"end":{"line":166,"column":null}},"66":{"start":{"line":167,"column":4},"end":{"line":167,"column":null}},"67":{"start":{"line":168,"column":4},"end":{"line":178,"column":null}},"68":{"start":{"line":169,"column":6},"end":{"line":169,"column":null}},"69":{"start":{"line":170,"column":6},"end":{"line":170,"column":null}},"70":{"start":{"line":171,"column":6},"end":{"line":171,"column":null}},"71":{"start":{"line":173,"column":21},"end":{"line":173,"column":null}},"72":{"start":{"line":174,"column":6},"end":{"line":174,"column":null}},"73":{"start":{"line":175,"column":6},"end":{"line":175,"column":null}},"74":{"start":{"line":177,"column":6},"end":{"line":177,"column":null}},"75":{"start":{"line":181,"column":24},"end":{"line":186,"column":null}},"76":{"start":{"line":182,"column":4},"end":{"line":182,"column":null}},"77":{"start":{"line":183,"column":4},"end":{"line":183,"column":null}},"78":{"start":{"line":184,"column":4},"end":{"line":184,"column":null}},"79":{"start":{"line":185,"column":4},"end":{"line":185,"column":null}},"80":{"start":{"line":188,"column":40},"end":{"line":188,"column":null}},"81":{"start":{"line":190,"column":2},"end":{"line":202,"column":null}},"82":{"start":{"line":191,"column":4},"end":{"line":201,"column":null}},"83":{"start":{"line":192,"column":21},"end":{"line":192,"column":null}},"84":{"start":{"line":193,"column":19},"end":{"line":193,"column":null}},"85":{"start":{"line":194,"column":6},"end":{"line":196,"column":null}},"86":{"start":{"line":195,"column":8},"end":{"line":195,"column":null}},"87":{"start":{"line":198,"column":6},"end":{"line":200,"column":null}},"88":{"start":{"line":199,"column":8},"end":{"line":199,"column":null}},"89":{"start":{"line":204,"column":17},"end":{"line":204,"column":null}},"90":{"start":{"line":206,"column":2},"end":{"line":558,"column":null}},"91":{"start":{"line":280,"column":61},"end":{"line":280,"column":80}},"92":{"start":{"line":319,"column":39},"end":{"line":319,"column":null}},"93":{"start":{"line":329,"column":37},"end":{"line":329,"column":null}},"94":{"start":{"line":348,"column":39},"end":{"line":348,"column":null}},"95":{"start":{"line":364,"column":37},"end":{"line":364,"column":null}},"96":{"start":{"line":379,"column":37},"end":{"line":379,"column":null}},"97":{"start":{"line":432,"column":31},"end":{"line":432,"column":null}},"98":{"start":{"line":500,"column":43},"end":{"line":500,"column":null}}},"fnMap":{"0":{"name":"AccountLicenseModal","decl":{"start":{"line":41,"column":16},"end":{"line":41,"column":38}},"loc":{"start":{"line":41,"column":38},"end":{"line":560,"column":null}},"line":41},"1":{"name":"(anonymous_1)","decl":{"start":{"line":54,"column":15},"end":{"line":54,"column":16}},"loc":{"start":{"line":54,"column":27},"end":{"line":65,"column":6}},"line":54},"2":{"name":"(anonymous_2)","decl":{"start":{"line":69,"column":65},"end":{"line":69,"column":71}},"loc":{"start":{"line":69,"column":71},"end":{"line":75,"column":3}},"line":69},"3":{"name":"(anonymous_3)","decl":{"start":{"line":88,"column":12},"end":{"line":88,"column":18}},"loc":{"start":{"line":88,"column":18},"end":{"line":92,"column":5}},"line":88},"4":{"name":"(anonymous_4)","decl":{"start":{"line":89,"column":15},"end":{"line":89,"column":21}},"loc":{"start":{"line":89,"column":21},"end":{"line":91,"column":7}},"line":89},"5":{"name":"(anonymous_5)","decl":{"start":{"line":95,"column":12},"end":{"line":95,"column":18}},"loc":{"start":{"line":95,"column":18},"end":{"line":105,"column":5}},"line":95},"6":{"name":"(anonymous_6)","decl":{"start":{"line":97,"column":17},"end":{"line":97,"column":23}},"loc":{"start":{"line":97,"column":23},"end":{"line":99,"column":9}},"line":97},"7":{"name":"(anonymous_7)","decl":{"start":{"line":101,"column":17},"end":{"line":101,"column":23}},"loc":{"start":{"line":101,"column":23},"end":{"line":103,"column":9}},"line":101},"8":{"name":"(anonymous_8)","decl":{"start":{"line":107,"column":28},"end":{"line":107,"column":40}},"loc":{"start":{"line":107,"column":40},"end":{"line":121,"column":null}},"line":107},"9":{"name":"(anonymous_9)","decl":{"start":{"line":123,"column":21},"end":{"line":123,"column":28}},"loc":{"start":{"line":123,"column":51},"end":{"line":162,"column":null}},"line":123},"10":{"name":"(anonymous_10)","decl":{"start":{"line":164,"column":25},"end":{"line":164,"column":32}},"loc":{"start":{"line":164,"column":55},"end":{"line":179,"column":null}},"line":164},"11":{"name":"(anonymous_11)","decl":{"start":{"line":181,"column":24},"end":{"line":181,"column":36}},"loc":{"start":{"line":181,"column":36},"end":{"line":186,"column":null}},"line":181},"12":{"name":"(anonymous_12)","decl":{"start":{"line":190,"column":12},"end":{"line":190,"column":18}},"loc":{"start":{"line":190,"column":18},"end":{"line":202,"column":5}},"line":190},"13":{"name":"(anonymous_13)","decl":{"start":{"line":194,"column":17},"end":{"line":194,"column":23}},"loc":{"start":{"line":194,"column":23},"end":{"line":196,"column":9}},"line":194},"14":{"name":"(anonymous_14)","decl":{"start":{"line":198,"column":17},"end":{"line":198,"column":23}},"loc":{"start":{"line":198,"column":23},"end":{"line":200,"column":9}},"line":198},"15":{"name":"(anonymous_15)","decl":{"start":{"line":280,"column":47},"end":{"line":280,"column":48}},"loc":{"start":{"line":280,"column":61},"end":{"line":280,"column":80}},"line":280},"16":{"name":"(anonymous_16)","decl":{"start":{"line":319,"column":32},"end":{"line":319,"column":33}},"loc":{"start":{"line":319,"column":39},"end":{"line":319,"column":null}},"line":319},"17":{"name":"(anonymous_17)","decl":{"start":{"line":329,"column":31},"end":{"line":329,"column":37}},"loc":{"start":{"line":329,"column":37},"end":{"line":329,"column":null}},"line":329},"18":{"name":"(anonymous_18)","decl":{"start":{"line":348,"column":32},"end":{"line":348,"column":33}},"loc":{"start":{"line":348,"column":39},"end":{"line":348,"column":null}},"line":348},"19":{"name":"(anonymous_19)","decl":{"start":{"line":364,"column":30},"end":{"line":364,"column":31}},"loc":{"start":{"line":364,"column":37},"end":{"line":364,"column":null}},"line":364},"20":{"name":"(anonymous_20)","decl":{"start":{"line":379,"column":30},"end":{"line":379,"column":31}},"loc":{"start":{"line":379,"column":37},"end":{"line":379,"column":null}},"line":379},"21":{"name":"(anonymous_21)","decl":{"start":{"line":432,"column":25},"end":{"line":432,"column":31}},"loc":{"start":{"line":432,"column":31},"end":{"line":432,"column":null}},"line":432},"22":{"name":"(anonymous_22)","decl":{"start":{"line":500,"column":36},"end":{"line":500,"column":37}},"loc":{"start":{"line":500,"column":43},"end":{"line":500,"column":null}},"line":500}},"branchMap":{"0":{"loc":{"start":{"line":71,"column":4},"end":{"line":73,"column":null}},"type":"if","locations":[{"start":{"line":71,"column":4},"end":{"line":73,"column":null}},{"start":{},"end":{}}],"line":71},"1":{"loc":{"start":{"line":71,"column":8},"end":{"line":71,"column":52}},"type":"binary-expr","locations":[{"start":{"line":71,"column":8},"end":{"line":71,"column":16}},{"start":{"line":71,"column":16},"end":{"line":71,"column":40}},{"start":{"line":71,"column":40},"end":{"line":71,"column":52}}],"line":71},"2":{"loc":{"start":{"line":96,"column":4},"end":{"line":104,"column":null}},"type":"if","locations":[{"start":{"line":96,"column":4},"end":{"line":104,"column":null}},{"start":{"line":100,"column":11},"end":{"line":104,"column":null}}],"line":96},"3":{"loc":{"start":{"line":96,"column":8},"end":{"line":96,"column":52}},"type":"binary-expr","locations":[{"start":{"line":96,"column":8},"end":{"line":96,"column":16}},{"start":{"line":96,"column":16},"end":{"line":96,"column":40}},{"start":{"line":96,"column":40},"end":{"line":96,"column":52}}],"line":96},"4":{"loc":{"start":{"line":115,"column":21},"end":{"line":115,"column":null}},"type":"cond-expr","locations":[{"start":{"line":115,"column":47},"end":{"line":115,"column":54}},{"start":{"line":115,"column":54},"end":{"line":115,"column":null}}],"line":115},"5":{"loc":{"start":{"line":115,"column":54},"end":{"line":115,"column":null}},"type":"binary-expr","locations":[{"start":{"line":115,"column":54},"end":{"line":115,"column":70}},{"start":{"line":115,"column":70},"end":{"line":115,"column":null}}],"line":115},"6":{"loc":{"start":{"line":128,"column":6},"end":{"line":148,"column":null}},"type":"if","locations":[{"start":{"line":128,"column":6},"end":{"line":148,"column":null}},{"start":{"line":133,"column":13},"end":{"line":148,"column":null}}],"line":128},"7":{"loc":{"start":{"line":135,"column":8},"end":{"line":139,"column":null}},"type":"if","locations":[{"start":{"line":135,"column":8},"end":{"line":139,"column":null}},{"start":{"line":137,"column":15},"end":{"line":139,"column":null}}],"line":135},"8":{"loc":{"start":{"line":141,"column":8},"end":{"line":147,"column":null}},"type":"if","locations":[{"start":{"line":141,"column":8},"end":{"line":147,"column":null}},{"start":{"line":144,"column":15},"end":{"line":147,"column":null}}],"line":141},"9":{"loc":{"start":{"line":150,"column":21},"end":{"line":150,"column":null}},"type":"cond-expr","locations":[{"start":{"line":150,"column":47},"end":{"line":150,"column":54}},{"start":{"line":150,"column":54},"end":{"line":150,"column":null}}],"line":150},"10":{"loc":{"start":{"line":150,"column":54},"end":{"line":150,"column":null}},"type":"binary-expr","locations":[{"start":{"line":150,"column":54},"end":{"line":150,"column":70}},{"start":{"line":150,"column":70},"end":{"line":150,"column":null}}],"line":150},"11":{"loc":{"start":{"line":151,"column":6},"end":{"line":158,"column":null}},"type":"if","locations":[{"start":{"line":151,"column":6},"end":{"line":158,"column":null}},{"start":{"line":155,"column":13},"end":{"line":158,"column":null}}],"line":151},"12":{"loc":{"start":{"line":173,"column":21},"end":{"line":173,"column":null}},"type":"cond-expr","locations":[{"start":{"line":173,"column":47},"end":{"line":173,"column":54}},{"start":{"line":173,"column":54},"end":{"line":173,"column":null}}],"line":173},"13":{"loc":{"start":{"line":173,"column":54},"end":{"line":173,"column":null}},"type":"binary-expr","locations":[{"start":{"line":173,"column":54},"end":{"line":173,"column":70}},{"start":{"line":173,"column":70},"end":{"line":173,"column":null}}],"line":173},"14":{"loc":{"start":{"line":191,"column":4},"end":{"line":201,"column":null}},"type":"if","locations":[{"start":{"line":191,"column":4},"end":{"line":201,"column":null}},{"start":{"line":197,"column":11},"end":{"line":201,"column":null}}],"line":191},"15":{"loc":{"start":{"line":191,"column":8},"end":{"line":191,"column":57}},"type":"binary-expr","locations":[{"start":{"line":191,"column":8},"end":{"line":191,"column":16}},{"start":{"line":191,"column":16},"end":{"line":191,"column":41}},{"start":{"line":191,"column":41},"end":{"line":191,"column":57}}],"line":191},"16":{"loc":{"start":{"line":224,"column":13},"end":{"line":237,"column":null}},"type":"cond-expr","locations":[{"start":{"line":225,"column":14},"end":{"line":232,"column":null}},{"start":{"line":235,"column":14},"end":{"line":237,"column":null}}],"line":224},"17":{"loc":{"start":{"line":225,"column":14},"end":{"line":232,"column":null}},"type":"cond-expr","locations":[{"start":{"line":226,"column":16},"end":{"line":228,"column":null}},{"start":{"line":230,"column":16},"end":{"line":232,"column":null}}],"line":225},"18":{"loc":{"start":{"line":241,"column":11},"end":{"line":250,"column":null}},"type":"cond-expr","locations":[{"start":{"line":242,"column":12},"end":{"line":245,"column":null}},{"start":{"line":247,"column":12},"end":{"line":250,"column":null}}],"line":241},"19":{"loc":{"start":{"line":241,"column":11},"end":{"line":241,"column":null}},"type":"binary-expr","locations":[{"start":{"line":241,"column":11},"end":{"line":241,"column":19}},{"start":{"line":241,"column":19},"end":{"line":241,"column":null}}],"line":241},"20":{"loc":{"start":{"line":257,"column":70},"end":{"line":257,"column":158}},"type":"cond-expr","locations":[{"start":{"line":257,"column":79},"end":{"line":257,"column":122}},{"start":{"line":257,"column":122},"end":{"line":257,"column":158}}],"line":257},"21":{"loc":{"start":{"line":258,"column":17},"end":{"line":258,"column":null}},"type":"cond-expr","locations":[{"start":{"line":258,"column":26},"end":{"line":258,"column":41}},{"start":{"line":258,"column":41},"end":{"line":258,"column":null}}],"line":258},"22":{"loc":{"start":{"line":259,"column":56},"end":{"line":259,"column":105}},"type":"cond-expr","locations":[{"start":{"line":259,"column":65},"end":{"line":259,"column":86}},{"start":{"line":259,"column":86},"end":{"line":259,"column":105}}],"line":259},"23":{"loc":{"start":{"line":264,"column":70},"end":{"line":264,"column":158}},"type":"cond-expr","locations":[{"start":{"line":264,"column":79},"end":{"line":264,"column":122}},{"start":{"line":264,"column":122},"end":{"line":264,"column":158}}],"line":264},"24":{"loc":{"start":{"line":265,"column":17},"end":{"line":265,"column":null}},"type":"cond-expr","locations":[{"start":{"line":265,"column":26},"end":{"line":265,"column":36}},{"start":{"line":265,"column":36},"end":{"line":265,"column":null}}],"line":265},"25":{"loc":{"start":{"line":266,"column":56},"end":{"line":266,"column":105}},"type":"cond-expr","locations":[{"start":{"line":266,"column":65},"end":{"line":266,"column":86}},{"start":{"line":266,"column":86},"end":{"line":266,"column":105}}],"line":266},"26":{"loc":{"start":{"line":271,"column":70},"end":{"line":271,"column":148}},"type":"cond-expr","locations":[{"start":{"line":271,"column":79},"end":{"line":271,"column":122}},{"start":{"line":271,"column":122},"end":{"line":271,"column":148}}],"line":271},"27":{"loc":{"start":{"line":272,"column":17},"end":{"line":272,"column":null}},"type":"cond-expr","locations":[{"start":{"line":272,"column":26},"end":{"line":272,"column":35}},{"start":{"line":272,"column":35},"end":{"line":272,"column":null}}],"line":272},"28":{"loc":{"start":{"line":273,"column":56},"end":{"line":273,"column":112}},"type":"cond-expr","locations":[{"start":{"line":273,"column":65},"end":{"line":273,"column":86}},{"start":{"line":273,"column":86},"end":{"line":273,"column":112}}],"line":273},"29":{"loc":{"start":{"line":284,"column":27},"end":{"line":284,"column":null}},"type":"binary-expr","locations":[{"start":{"line":284,"column":27},"end":{"line":284,"column":35}},{"start":{"line":284,"column":35},"end":{"line":284,"column":null}}],"line":284},"30":{"loc":{"start":{"line":291,"column":26},"end":{"line":291,"column":null}},"type":"binary-expr","locations":[{"start":{"line":291,"column":26},"end":{"line":291,"column":34}},{"start":{"line":291,"column":34},"end":{"line":291,"column":null}}],"line":291},"31":{"loc":{"start":{"line":301,"column":15},"end":{"line":305,"column":null}},"type":"binary-expr","locations":[{"start":{"line":301,"column":15},"end":{"line":301,"column":null}},{"start":{"line":302,"column":16},"end":{"line":305,"column":null}}],"line":301},"32":{"loc":{"start":{"line":307,"column":15},"end":{"line":425,"column":null}},"type":"cond-expr","locations":[{"start":{"line":308,"column":16},"end":{"line":335,"column":null}},{"start":{"line":337,"column":16},"end":{"line":425,"column":null}}],"line":307},"33":{"loc":{"start":{"line":338,"column":19},"end":{"line":351,"column":null}},"type":"binary-expr","locations":[{"start":{"line":338,"column":19},"end":{"line":338,"column":null}},{"start":{"line":339,"column":16},"end":{"line":351,"column":null}}],"line":338},"34":{"loc":{"start":{"line":387,"column":26},"end":{"line":387,"column":null}},"type":"binary-expr","locations":[{"start":{"line":387,"column":26},"end":{"line":387,"column":37}},{"start":{"line":387,"column":37},"end":{"line":387,"column":null}}],"line":387},"35":{"loc":{"start":{"line":389,"column":17},"end":{"line":394,"column":null}},"type":"cond-expr","locations":[{"start":{"line":390,"column":18},"end":{"line":390,"column":null}},{"start":{"line":391,"column":20},"end":{"line":394,"column":null}}],"line":389},"36":{"loc":{"start":{"line":391,"column":20},"end":{"line":394,"column":null}},"type":"cond-expr","locations":[{"start":{"line":392,"column":18},"end":{"line":392,"column":null}},{"start":{"line":394,"column":18},"end":{"line":394,"column":null}}],"line":391},"37":{"loc":{"start":{"line":409,"column":26},"end":{"line":409,"column":null}},"type":"binary-expr","locations":[{"start":{"line":409,"column":26},"end":{"line":409,"column":37}},{"start":{"line":409,"column":37},"end":{"line":409,"column":null}}],"line":409},"38":{"loc":{"start":{"line":411,"column":17},"end":{"line":422,"column":null}},"type":"cond-expr","locations":[{"start":{"line":412,"column":18},"end":{"line":412,"column":null}},{"start":{"line":414,"column":18},"end":{"line":422,"column":null}}],"line":411},"39":{"loc":{"start":{"line":432,"column":43},"end":{"line":432,"column":86}},"type":"cond-expr","locations":[{"start":{"line":432,"column":66},"end":{"line":432,"column":79}},{"start":{"line":432,"column":79},"end":{"line":432,"column":86}}],"line":432},"40":{"loc":{"start":{"line":435,"column":17},"end":{"line":435,"column":null}},"type":"cond-expr","locations":[{"start":{"line":435,"column":40},"end":{"line":435,"column":60}},{"start":{"line":435,"column":60},"end":{"line":435,"column":null}}],"line":435},"41":{"loc":{"start":{"line":442,"column":13},"end":{"line":553,"column":null}},"type":"binary-expr","locations":[{"start":{"line":442,"column":13},"end":{"line":442,"column":21}},{"start":{"line":442,"column":21},"end":{"line":442,"column":null}},{"start":{"line":443,"column":14},"end":{"line":553,"column":null}}],"line":442},"42":{"loc":{"start":{"line":444,"column":17},"end":{"line":516,"column":null}},"type":"cond-expr","locations":[{"start":{"line":445,"column":18},"end":{"line":477,"column":null}},{"start":{"line":479,"column":18},"end":{"line":516,"column":null}}],"line":444},"43":{"loc":{"start":{"line":444,"column":17},"end":{"line":444,"column":null}},"type":"binary-expr","locations":[{"start":{"line":444,"column":17},"end":{"line":444,"column":40}},{"start":{"line":444,"column":40},"end":{"line":444,"column":null}}],"line":444},"44":{"loc":{"start":{"line":461,"column":27},"end":{"line":461,"column":null}},"type":"cond-expr","locations":[{"start":{"line":461,"column":49},"end":{"line":461,"column":65}},{"start":{"line":461,"column":65},"end":{"line":461,"column":null}}],"line":461},"45":{"loc":{"start":{"line":464,"column":23},"end":{"line":468,"column":null}},"type":"binary-expr","locations":[{"start":{"line":464,"column":23},"end":{"line":464,"column":null}},{"start":{"line":465,"column":24},"end":{"line":468,"column":null}}],"line":464},"46":{"loc":{"start":{"line":470,"column":23},"end":{"line":474,"column":null}},"type":"binary-expr","locations":[{"start":{"line":470,"column":23},"end":{"line":470,"column":null}},{"start":{"line":471,"column":24},"end":{"line":474,"column":null}}],"line":470},"47":{"loc":{"start":{"line":480,"column":21},"end":{"line":484,"column":null}},"type":"binary-expr","locations":[{"start":{"line":480,"column":21},"end":{"line":480,"column":null}},{"start":{"line":481,"column":22},"end":{"line":484,"column":null}}],"line":480},"48":{"loc":{"start":{"line":510,"column":23},"end":{"line":513,"column":null}},"type":"cond-expr","locations":[{"start":{"line":511,"column":24},"end":{"line":511,"column":null}},{"start":{"line":513,"column":24},"end":{"line":513,"column":null}}],"line":510}},"s":{"0":4,"1":9,"2":4,"3":3,"4":3,"5":0,"6":3,"7":4,"8":4,"9":4,"10":4,"11":4,"12":4,"13":4,"14":4,"15":4,"16":4,"17":4,"18":3,"19":3,"20":4,"21":3,"22":0,"23":0,"24":3,"25":3,"26":4,"27":0,"28":0,"29":0,"30":0,"31":0,"32":0,"33":0,"34":0,"35":0,"36":0,"37":4,"38":0,"39":0,"40":0,"41":0,"42":0,"43":0,"44":0,"45":0,"46":0,"47":0,"48":0,"49":0,"50":0,"51":0,"52":0,"53":0,"54":0,"55":0,"56":0,"57":0,"58":0,"59":0,"60":0,"61":0,"62":0,"63":4,"64":0,"65":0,"66":0,"67":0,"68":0,"69":0,"70":0,"71":0,"72":0,"73":0,"74":0,"75":4,"76":0,"77":0,"78":0,"79":0,"80":4,"81":4,"82":3,"83":0,"84":0,"85":0,"86":0,"87":3,"88":3,"89":4,"90":4,"91":0,"92":0,"93":0,"94":0,"95":0,"96":0,"97":0,"98":0},"f":{"0":4,"1":9,"2":3,"3":3,"4":3,"5":3,"6":0,"7":3,"8":0,"9":0,"10":0,"11":0,"12":3,"13":0,"14":3,"15":0,"16":0,"17":0,"18":0,"19":0,"20":0,"21":0,"22":0},"b":{"0":[0,3],"1":[3,3,3],"2":[0,3],"3":[3,3,3],"4":[0,0],"5":[0,0],"6":[0,0],"7":[0,0],"8":[0,0],"9":[0,0],"10":[0,0],"11":[0,0],"12":[0,0],"13":[0,0],"14":[0,3],"15":[3,3,0],"16":[3,0],"17":[0,3],"18":[3,0],"19":[4,3],"20":[3,0],"21":[3,0],"22":[3,0],"23":[3,0],"24":[3,0],"25":[3,0],"26":[3,0],"27":[3,0],"28":[3,0],"29":[4,3],"30":[4,3],"31":[4,0],"32":[0,3],"33":[3,0],"34":[3,3],"35":[0,3],"36":[3,0],"37":[3,3],"38":[0,3],"39":[0,0],"40":[3,0],"41":[4,3,0],"42":[0,0],"43":[0,0],"44":[0,0],"45":[0,0],"46":[0,0],"47":[0,0],"48":[0,0]},"meta":{"lastBranch":49,"lastFunction":23,"lastStatement":99,"seen":{"f:41:16:41:38":0,"s:53:2:66:Infinity":0,"f:54:15:54:16":1,"s:54:27:65:6":1,"s:69:32:75:Infinity":2,"f:69:65:69:71":2,"s:70:17:70:Infinity":3,"b:71:4:73:Infinity:undefined:undefined:undefined:undefined":0,"s:71:4:73:Infinity":4,"b:71:8:71:16:71:16:71:40:71:40:71:52":1,"s:72:6:72:Infinity":5,"s:74:4:74:Infinity":6,"s:76:30:76:Infinity":7,"s:77:22:77:Infinity":8,"s:78:24:78:Infinity":9,"s:79:30:79:Infinity":10,"s:80:34:80:Infinity":11,"s:81:28:81:Infinity":12,"s:82:40:82:Infinity":13,"s:83:24:83:Infinity":14,"s:84:28:84:Infinity":15,"s:85:28:85:Infinity":16,"s:88:2:92:Infinity":17,"f:88:12:88:18":3,"s:89:4:91:Infinity":18,"f:89:15:89:21":4,"s:90:6:90:Infinity":19,"s:95:2:105:Infinity":20,"f:95:12:95:18":5,"b:96:4:104:Infinity:100:11:104:Infinity":2,"s:96:4:104:Infinity":21,"b:96:8:96:16:96:16:96:40:96:40:96:52":3,"s:97:6:99:Infinity":22,"f:97:17:97:23":6,"s:98:8:98:Infinity":23,"s:101:6:103:Infinity":24,"f:101:17:101:23":7,"s:102:8:102:Infinity":25,"s:107:28:121:Infinity":26,"f:107:28:107:40":8,"s:108:4:108:Infinity":27,"s:109:4:109:Infinity":28,"s:110:4:120:Infinity":29,"s:111:6:111:Infinity":30,"s:112:6:112:Infinity":31,"s:113:6:113:Infinity":32,"s:115:21:115:Infinity":33,"b:115:47:115:54:115:54:115:Infinity":4,"b:115:54:115:70:115:70:115:Infinity":5,"s:116:6:116:Infinity":34,"s:117:6:117:Infinity":35,"s:119:6:119:Infinity":36,"s:123:21:162:Infinity":37,"f:123:21:123:28":9,"s:124:4:124:Infinity":38,"s:125:4:125:Infinity":39,"s:126:4:126:Infinity":40,"s:127:4:161:Infinity":41,"b:128:6:148:Infinity:133:13:148:Infinity":6,"s:128:6:148:Infinity":42,"s:129:8:129:Infinity":43,"s:130:8:130:Infinity":44,"s:131:8:131:Infinity":45,"s:132:8:132:Infinity":46,"b:135:8:139:Infinity:137:15:139:Infinity":7,"s:135:8:139:Infinity":47,"s:136:10:136:Infinity":48,"s:138:10:138:Infinity":49,"b:141:8:147:Infinity:144:15:147:Infinity":8,"s:141:8:147:Infinity":50,"s:142:10:142:Infinity":51,"s:143:10:143:Infinity":52,"s:145:10:145:Infinity":53,"s:146:10:146:Infinity":54,"s:150:21:150:Infinity":55,"b:150:47:150:54:150:54:150:Infinity":9,"b:150:54:150:70:150:70:150:Infinity":10,"b:151:6:158:Infinity:155:13:158:Infinity":11,"s:151:6:158:Infinity":56,"s:152:8:152:Infinity":57,"s:153:8:153:Infinity":58,"s:154:8:154:Infinity":59,"s:156:8:156:Infinity":60,"s:157:8:157:Infinity":61,"s:160:6:160:Infinity":62,"s:164:25:179:Infinity":63,"f:164:25:164:32":10,"s:165:4:165:Infinity":64,"s:166:4:166:Infinity":65,"s:167:4:167:Infinity":66,"s:168:4:178:Infinity":67,"s:169:6:169:Infinity":68,"s:170:6:170:Infinity":69,"s:171:6:171:Infinity":70,"s:173:21:173:Infinity":71,"b:173:47:173:54:173:54:173:Infinity":12,"b:173:54:173:70:173:70:173:Infinity":13,"s:174:6:174:Infinity":72,"s:175:6:175:Infinity":73,"s:177:6:177:Infinity":74,"s:181:24:186:Infinity":75,"f:181:24:181:36":11,"s:182:4:182:Infinity":76,"s:183:4:183:Infinity":77,"s:184:4:184:Infinity":78,"s:185:4:185:Infinity":79,"s:188:40:188:Infinity":80,"s:190:2:202:Infinity":81,"f:190:12:190:18":12,"b:191:4:201:Infinity:197:11:201:Infinity":14,"s:191:4:201:Infinity":82,"b:191:8:191:16:191:16:191:41:191:41:191:57":15,"s:192:21:192:Infinity":83,"s:193:19:193:Infinity":84,"s:194:6:196:Infinity":85,"f:194:17:194:23":13,"s:195:8:195:Infinity":86,"s:198:6:200:Infinity":87,"f:198:17:198:23":14,"s:199:8:199:Infinity":88,"s:204:17:204:Infinity":89,"s:206:2:558:Infinity":90,"b:225:14:232:Infinity:235:14:237:Infinity":16,"b:226:16:228:Infinity:230:16:232:Infinity":17,"b:242:12:245:Infinity:247:12:250:Infinity":18,"b:241:11:241:19:241:19:241:Infinity":19,"b:257:79:257:122:257:122:257:158":20,"b:258:26:258:41:258:41:258:Infinity":21,"b:259:65:259:86:259:86:259:105":22,"b:264:79:264:122:264:122:264:158":23,"b:265:26:265:36:265:36:265:Infinity":24,"b:266:65:266:86:266:86:266:105":25,"b:271:79:271:122:271:122:271:148":26,"b:272:26:272:35:272:35:272:Infinity":27,"b:273:65:273:86:273:86:273:112":28,"f:280:47:280:48":15,"s:280:61:280:80":91,"b:284:27:284:35:284:35:284:Infinity":29,"b:291:26:291:34:291:34:291:Infinity":30,"b:301:15:301:Infinity:302:16:305:Infinity":31,"b:308:16:335:Infinity:337:16:425:Infinity":32,"f:319:32:319:33":16,"s:319:39:319:Infinity":92,"f:329:31:329:37":17,"s:329:37:329:Infinity":93,"b:338:19:338:Infinity:339:16:351:Infinity":33,"f:348:32:348:33":18,"s:348:39:348:Infinity":94,"f:364:30:364:31":19,"s:364:37:364:Infinity":95,"f:379:30:379:31":20,"s:379:37:379:Infinity":96,"b:387:26:387:37:387:37:387:Infinity":34,"b:390:18:390:Infinity:391:20:394:Infinity":35,"b:392:18:392:Infinity:394:18:394:Infinity":36,"b:409:26:409:37:409:37:409:Infinity":37,"b:412:18:412:Infinity:414:18:422:Infinity":38,"f:432:25:432:31":21,"s:432:31:432:Infinity":97,"b:432:66:432:79:432:79:432:86":39,"b:435:40:435:60:435:60:435:Infinity":40,"b:442:13:442:21:442:21:442:Infinity:443:14:553:Infinity":41,"b:445:18:477:Infinity:479:18:516:Infinity":42,"b:444:17:444:40:444:40:444:Infinity":43,"b:461:49:461:65:461:65:461:Infinity":44,"b:464:23:464:Infinity:465:24:468:Infinity":45,"b:470:23:470:Infinity:471:24:474:Infinity":46,"b:480:21:480:Infinity:481:22:484:Infinity":47,"f:500:36:500:37":22,"s:500:43:500:Infinity":98,"b:511:24:511:Infinity:513:24:513:Infinity":48},"fnNames":{}}}
,"C:\\projects\\grido\\frontend\\src\\components\\editor\\collage-template-card.tsx": {"path":"C:\\projects\\grido\\frontend\\src\\components\\editor\\collage-template-card.tsx","statementMap":{"0":{"start":{"line":17,"column":35},"end":{"line":123,"column":null}},"1":{"start":{"line":28,"column":2},"end":{"line":121,"column":null}},"2":{"start":{"line":30,"column":21},"end":{"line":30,"column":null}},"3":{"start":{"line":49,"column":30},"end":{"line":49,"column":null}},"4":{"start":{"line":56,"column":90},"end":{"line":56,"column":null}},"5":{"start":{"line":64,"column":51},"end":{"line":64,"column":72}},"6":{"start":{"line":64,"column":72},"end":{"line":64,"column":85}},"7":{"start":{"line":67,"column":49},"end":{"line":67,"column":70}},"8":{"start":{"line":77,"column":12},"end":{"line":96,"column":null}}},"fnMap":{"0":{"name":"CollageTemplateCard2","decl":{"start":{"line":17,"column":55},"end":{"line":17,"column":75}},"loc":{"start":{"line":27,"column":3},"end":{"line":123,"column":1}},"line":27},"1":{"name":"(anonymous_1)","decl":{"start":{"line":30,"column":15},"end":{"line":30,"column":21}},"loc":{"start":{"line":30,"column":21},"end":{"line":30,"column":null}},"line":30},"2":{"name":"(anonymous_2)","decl":{"start":{"line":49,"column":23},"end":{"line":49,"column":24}},"loc":{"start":{"line":49,"column":30},"end":{"line":49,"column":null}},"line":49},"3":{"name":"(anonymous_3)","decl":{"start":{"line":56,"column":83},"end":{"line":56,"column":84}},"loc":{"start":{"line":56,"column":90},"end":{"line":56,"column":null}},"line":56},"4":{"name":"(anonymous_4)","decl":{"start":{"line":64,"column":42},"end":{"line":64,"column":43}},"loc":{"start":{"line":64,"column":49},"end":{"line":64,"column":88}},"line":64},"5":{"name":"(anonymous_5)","decl":{"start":{"line":67,"column":42},"end":{"line":67,"column":43}},"loc":{"start":{"line":67,"column":49},"end":{"line":67,"column":70}},"line":67},"6":{"name":"(anonymous_6)","decl":{"start":{"line":76,"column":25},"end":{"line":76,"column":26}},"loc":{"start":{"line":77,"column":12},"end":{"line":96,"column":null}},"line":77}},"branchMap":{"0":{"loc":{"start":{"line":33,"column":8},"end":{"line":35,"column":null}},"type":"cond-expr","locations":[{"start":{"line":34,"column":12},"end":{"line":34,"column":null}},{"start":{"line":35,"column":12},"end":{"line":35,"column":null}}],"line":33},"1":{"loc":{"start":{"line":39,"column":7},"end":{"line":40,"column":null}},"type":"binary-expr","locations":[{"start":{"line":39,"column":7},"end":{"line":39,"column":null}},{"start":{"line":40,"column":8},"end":{"line":40,"column":null}}],"line":39},"2":{"loc":{"start":{"line":44,"column":7},"end":{"line":70,"column":null}},"type":"binary-expr","locations":[{"start":{"line":44,"column":7},"end":{"line":44,"column":null}},{"start":{"line":45,"column":8},"end":{"line":70,"column":null}}],"line":44},"3":{"loc":{"start":{"line":81,"column":16},"end":{"line":83,"column":null}},"type":"cond-expr","locations":[{"start":{"line":82,"column":20},"end":{"line":82,"column":null}},{"start":{"line":83,"column":20},"end":{"line":83,"column":null}}],"line":81},"4":{"loc":{"start":{"line":94,"column":16},"end":{"line":94,"column":null}},"type":"cond-expr","locations":[{"start":{"line":94,"column":27},"end":{"line":94,"column":47}},{"start":{"line":94,"column":47},"end":{"line":94,"column":null}}],"line":94},"5":{"loc":{"start":{"line":105,"column":10},"end":{"line":105,"column":null}},"type":"cond-expr","locations":[{"start":{"line":105,"column":21},"end":{"line":105,"column":38}},{"start":{"line":105,"column":38},"end":{"line":105,"column":null}}],"line":105},"6":{"loc":{"start":{"line":112,"column":12},"end":{"line":114,"column":null}},"type":"cond-expr","locations":[{"start":{"line":113,"column":16},"end":{"line":113,"column":null}},{"start":{"line":114,"column":16},"end":{"line":114,"column":null}}],"line":112}},"s":{"0":1,"1":6,"2":0,"3":0,"4":0,"5":0,"6":0,"7":0,"8":42},"f":{"0":6,"1":0,"2":0,"3":0,"4":0,"5":0,"6":42},"b":{"0":[0,6],"1":[6,0],"2":[6,0],"3":[0,42],"4":[0,42],"5":[0,6],"6":[0,6]},"meta":{"lastBranch":7,"lastFunction":7,"lastStatement":9,"seen":{"s:17:35:123:Infinity":0,"f:17:55:17:75":0,"s:28:2:121:Infinity":1,"f:30:15:30:21":1,"s:30:21:30:Infinity":2,"b:34:12:34:Infinity:35:12:35:Infinity":0,"b:39:7:39:Infinity:40:8:40:Infinity":1,"b:44:7:44:Infinity:45:8:70:Infinity":2,"f:49:23:49:24":2,"s:49:30:49:Infinity":3,"f:56:83:56:84":3,"s:56:90:56:Infinity":4,"f:64:42:64:43":4,"s:64:51:64:72":5,"s:64:72:64:85":6,"f:67:42:67:43":5,"s:67:49:67:70":7,"f:76:25:76:26":6,"s:77:12:96:Infinity":8,"b:82:20:82:Infinity:83:20:83:Infinity":3,"b:94:27:94:47:94:47:94:Infinity":4,"b:105:21:105:38:105:38:105:Infinity":5,"b:113:16:113:Infinity:114:16:114:Infinity":6},"fnNames":{}}}
,"C:\\projects\\grido\\frontend\\src\\components\\editor\\context-menu.tsx": {"path":"C:\\projects\\grido\\frontend\\src\\components\\editor\\context-menu.tsx","statementMap":{"0":{"start":{"line":28,"column":8},"end":{"line":28,"column":null}},"1":{"start":{"line":37,"column":2},"end":{"line":37,"column":null}},"2":{"start":{"line":40,"column":2},"end":{"line":52,"column":null}},"3":{"start":{"line":41,"column":31},"end":{"line":45,"column":null}},"4":{"start":{"line":42,"column":6},"end":{"line":44,"column":null}},"5":{"start":{"line":43,"column":8},"end":{"line":43,"column":null}},"6":{"start":{"line":48,"column":4},"end":{"line":48,"column":null}},"7":{"start":{"line":49,"column":4},"end":{"line":51,"column":null}},"8":{"start":{"line":50,"column":6},"end":{"line":50,"column":null}},"9":{"start":{"line":55,"column":2},"end":{"line":61,"column":null}},"10":{"start":{"line":56,"column":26},"end":{"line":58,"column":null}},"11":{"start":{"line":57,"column":6},"end":{"line":57,"column":null}},"12":{"start":{"line":57,"column":30},"end":{"line":57,"column":null}},"13":{"start":{"line":59,"column":4},"end":{"line":59,"column":null}},"14":{"start":{"line":60,"column":4},"end":{"line":60,"column":null}},"15":{"start":{"line":60,"column":17},"end":{"line":60,"column":null}},"16":{"start":{"line":63,"column":23},"end":{"line":66,"column":null}},"17":{"start":{"line":64,"column":4},"end":{"line":64,"column":null}},"18":{"start":{"line":65,"column":4},"end":{"line":65,"column":null}},"19":{"start":{"line":68,"column":34},"end":{"line":72,"column":null}},"20":{"start":{"line":69,"column":4},"end":{"line":69,"column":null}},"21":{"start":{"line":70,"column":4},"end":{"line":70,"column":null}},"22":{"start":{"line":71,"column":4},"end":{"line":71,"column":null}},"23":{"start":{"line":74,"column":36},"end":{"line":74,"column":null}},"24":{"start":{"line":76,"column":2},"end":{"line":80,"column":null}},"25":{"start":{"line":77,"column":4},"end":{"line":79,"column":null}},"26":{"start":{"line":78,"column":6},"end":{"line":78,"column":null}},"27":{"start":{"line":82,"column":21},"end":{"line":82,"column":null}},"28":{"start":{"line":84,"column":15},"end":{"line":84,"column":null}},"29":{"start":{"line":85,"column":14},"end":{"line":85,"column":null}},"30":{"start":{"line":87,"column":2},"end":{"line":161,"column":null}},"31":{"start":{"line":95,"column":28},"end":{"line":95,"column":null}},"32":{"start":{"line":101,"column":27},"end":{"line":108,"column":null}},"33":{"start":{"line":102,"column":38},"end":{"line":102,"column":null}},"34":{"start":{"line":103,"column":14},"end":{"line":107,"column":null}},"35":{"start":{"line":104,"column":16},"end":{"line":104,"column":null}},"36":{"start":{"line":106,"column":16},"end":{"line":106,"column":null}},"37":{"start":{"line":116,"column":27},"end":{"line":116,"column":null}},"38":{"start":{"line":116,"column":46},"end":{"line":116,"column":70}},"39":{"start":{"line":124,"column":27},"end":{"line":124,"column":null}},"40":{"start":{"line":124,"column":46},"end":{"line":124,"column":68}},"41":{"start":{"line":134,"column":27},"end":{"line":141,"column":null}},"42":{"start":{"line":135,"column":54},"end":{"line":135,"column":null}},"43":{"start":{"line":136,"column":14},"end":{"line":140,"column":null}},"44":{"start":{"line":137,"column":16},"end":{"line":137,"column":null}},"45":{"start":{"line":139,"column":16},"end":{"line":139,"column":null}},"46":{"start":{"line":153,"column":27},"end":{"line":153,"column":null}},"47":{"start":{"line":153,"column":57},"end":{"line":153,"column":133}}},"fnMap":{"0":{"name":"ContextMenu","decl":{"start":{"line":27,"column":16},"end":{"line":27,"column":28}},"loc":{"start":{"line":27,"column":77},"end":{"line":163,"column":null}},"line":27},"1":{"name":"(anonymous_1)","decl":{"start":{"line":40,"column":12},"end":{"line":40,"column":18}},"loc":{"start":{"line":40,"column":18},"end":{"line":52,"column":5}},"line":40},"2":{"name":"(anonymous_2)","decl":{"start":{"line":41,"column":31},"end":{"line":41,"column":32}},"loc":{"start":{"line":41,"column":50},"end":{"line":45,"column":null}},"line":41},"3":{"name":"(anonymous_3)","decl":{"start":{"line":49,"column":11},"end":{"line":49,"column":17}},"loc":{"start":{"line":49,"column":17},"end":{"line":51,"column":null}},"line":49},"4":{"name":"(anonymous_4)","decl":{"start":{"line":55,"column":12},"end":{"line":55,"column":18}},"loc":{"start":{"line":55,"column":18},"end":{"line":61,"column":5}},"line":55},"5":{"name":"(anonymous_5)","decl":{"start":{"line":56,"column":26},"end":{"line":56,"column":27}},"loc":{"start":{"line":56,"column":48},"end":{"line":58,"column":null}},"line":56},"6":{"name":"(anonymous_6)","decl":{"start":{"line":60,"column":11},"end":{"line":60,"column":17}},"loc":{"start":{"line":60,"column":17},"end":{"line":60,"column":null}},"line":60},"7":{"name":"(anonymous_7)","decl":{"start":{"line":63,"column":23},"end":{"line":63,"column":24}},"loc":{"start":{"line":63,"column":47},"end":{"line":66,"column":null}},"line":63},"8":{"name":"(anonymous_8)","decl":{"start":{"line":68,"column":34},"end":{"line":68,"column":35}},"loc":{"start":{"line":68,"column":58},"end":{"line":72,"column":null}},"line":68},"9":{"name":"(anonymous_9)","decl":{"start":{"line":76,"column":12},"end":{"line":76,"column":18}},"loc":{"start":{"line":76,"column":18},"end":{"line":80,"column":5}},"line":76},"10":{"name":"(anonymous_10)","decl":{"start":{"line":95,"column":21},"end":{"line":95,"column":22}},"loc":{"start":{"line":95,"column":28},"end":{"line":95,"column":null}},"line":95},"11":{"name":"(anonymous_11)","decl":{"start":{"line":101,"column":21},"end":{"line":101,"column":27}},"loc":{"start":{"line":101,"column":27},"end":{"line":108,"column":null}},"line":101},"12":{"name":"(anonymous_12)","decl":{"start":{"line":101,"column":40},"end":{"line":101,"column":46}},"loc":{"start":{"line":101,"column":46},"end":{"line":108,"column":13}},"line":101},"13":{"name":"(anonymous_13)","decl":{"start":{"line":116,"column":21},"end":{"line":116,"column":27}},"loc":{"start":{"line":116,"column":27},"end":{"line":116,"column":null}},"line":116},"14":{"name":"(anonymous_14)","decl":{"start":{"line":116,"column":40},"end":{"line":116,"column":46}},"loc":{"start":{"line":116,"column":46},"end":{"line":116,"column":70}},"line":116},"15":{"name":"(anonymous_15)","decl":{"start":{"line":124,"column":21},"end":{"line":124,"column":27}},"loc":{"start":{"line":124,"column":27},"end":{"line":124,"column":null}},"line":124},"16":{"name":"(anonymous_16)","decl":{"start":{"line":124,"column":40},"end":{"line":124,"column":46}},"loc":{"start":{"line":124,"column":46},"end":{"line":124,"column":68}},"line":124},"17":{"name":"(anonymous_17)","decl":{"start":{"line":134,"column":21},"end":{"line":134,"column":27}},"loc":{"start":{"line":134,"column":27},"end":{"line":141,"column":null}},"line":134},"18":{"name":"(anonymous_18)","decl":{"start":{"line":134,"column":40},"end":{"line":134,"column":46}},"loc":{"start":{"line":134,"column":46},"end":{"line":141,"column":13}},"line":134},"19":{"name":"(anonymous_19)","decl":{"start":{"line":153,"column":21},"end":{"line":153,"column":27}},"loc":{"start":{"line":153,"column":27},"end":{"line":153,"column":null}},"line":153},"20":{"name":"(anonymous_20)","decl":{"start":{"line":153,"column":51},"end":{"line":153,"column":57}},"loc":{"start":{"line":153,"column":57},"end":{"line":153,"column":133}},"line":153}},"branchMap":{"0":{"loc":{"start":{"line":42,"column":6},"end":{"line":44,"column":null}},"type":"if","locations":[{"start":{"line":42,"column":6},"end":{"line":44,"column":null}},{"start":{},"end":{}}],"line":42},"1":{"loc":{"start":{"line":42,"column":10},"end":{"line":42,"column":74}},"type":"binary-expr","locations":[{"start":{"line":42,"column":10},"end":{"line":42,"column":29}},{"start":{"line":42,"column":29},"end":{"line":42,"column":74}}],"line":42},"2":{"loc":{"start":{"line":57,"column":6},"end":{"line":57,"column":null}},"type":"if","locations":[{"start":{"line":57,"column":6},"end":{"line":57,"column":null}},{"start":{},"end":{}}],"line":57},"3":{"loc":{"start":{"line":77,"column":4},"end":{"line":79,"column":null}},"type":"if","locations":[{"start":{"line":77,"column":4},"end":{"line":79,"column":null}},{"start":{},"end":{}}],"line":77},"4":{"loc":{"start":{"line":78,"column":19},"end":{"line":78,"column":53}},"type":"binary-expr","locations":[{"start":{"line":78,"column":19},"end":{"line":78,"column":50}},{"start":{"line":78,"column":50},"end":{"line":78,"column":53}}],"line":78},"5":{"loc":{"start":{"line":84,"column":15},"end":{"line":84,"column":null}},"type":"cond-expr","locations":[{"start":{"line":84,"column":60},"end":{"line":84,"column":85}},{"start":{"line":84,"column":85},"end":{"line":84,"column":null}}],"line":84},"6":{"loc":{"start":{"line":85,"column":14},"end":{"line":85,"column":null}},"type":"cond-expr","locations":[{"start":{"line":85,"column":61},"end":{"line":85,"column":87}},{"start":{"line":85,"column":87},"end":{"line":85,"column":null}}],"line":85},"7":{"loc":{"start":{"line":97,"column":7},"end":{"line":146,"column":null}},"type":"binary-expr","locations":[{"start":{"line":97,"column":7},"end":{"line":97,"column":36}},{"start":{"line":97,"column":36},"end":{"line":97,"column":null}},{"start":{"line":98,"column":8},"end":{"line":146,"column":null}}],"line":97},"8":{"loc":{"start":{"line":103,"column":14},"end":{"line":107,"column":null}},"type":"if","locations":[{"start":{"line":103,"column":14},"end":{"line":107,"column":null}},{"start":{"line":105,"column":21},"end":{"line":107,"column":null}}],"line":103},"9":{"loc":{"start":{"line":136,"column":14},"end":{"line":140,"column":null}},"type":"if","locations":[{"start":{"line":136,"column":14},"end":{"line":140,"column":null}},{"start":{"line":138,"column":21},"end":{"line":140,"column":null}}],"line":136},"10":{"loc":{"start":{"line":149,"column":7},"end":{"line":158,"column":null}},"type":"binary-expr","locations":[{"start":{"line":149,"column":7},"end":{"line":149,"column":33}},{"start":{"line":149,"column":33},"end":{"line":149,"column":null}},{"start":{"line":150,"column":8},"end":{"line":158,"column":null}}],"line":149}},"s":{"0":0,"1":0,"2":0,"3":0,"4":0,"5":0,"6":0,"7":0,"8":0,"9":0,"10":0,"11":0,"12":0,"13":0,"14":0,"15":0,"16":0,"17":0,"18":0,"19":0,"20":0,"21":0,"22":0,"23":0,"24":0,"25":0,"26":0,"27":0,"28":0,"29":0,"30":0,"31":0,"32":0,"33":0,"34":0,"35":0,"36":0,"37":0,"38":0,"39":0,"40":0,"41":0,"42":0,"43":0,"44":0,"45":0,"46":0,"47":0},"f":{"0":0,"1":0,"2":0,"3":0,"4":0,"5":0,"6":0,"7":0,"8":0,"9":0,"10":0,"11":0,"12":0,"13":0,"14":0,"15":0,"16":0,"17":0,"18":0,"19":0,"20":0},"b":{"0":[0,0],"1":[0,0],"2":[0,0],"3":[0,0],"4":[0,0],"5":[0,0],"6":[0,0],"7":[0,0,0],"8":[0,0],"9":[0,0],"10":[0,0,0]},"meta":{"lastBranch":11,"lastFunction":21,"lastStatement":48,"seen":{"f:27:16:27:28":0,"s:28:8:28:Infinity":0,"s:37:2:37:Infinity":1,"s:40:2:52:Infinity":2,"f:40:12:40:18":1,"s:41:31:45:Infinity":3,"f:41:31:41:32":2,"b:42:6:44:Infinity:undefined:undefined:undefined:undefined":0,"s:42:6:44:Infinity":4,"b:42:10:42:29:42:29:42:74":1,"s:43:8:43:Infinity":5,"s:48:4:48:Infinity":6,"s:49:4:51:Infinity":7,"f:49:11:49:17":3,"s:50:6:50:Infinity":8,"s:55:2:61:Infinity":9,"f:55:12:55:18":4,"s:56:26:58:Infinity":10,"f:56:26:56:27":5,"b:57:6:57:Infinity:undefined:undefined:undefined:undefined":2,"s:57:6:57:Infinity":11,"s:57:30:57:Infinity":12,"s:59:4:59:Infinity":13,"s:60:4:60:Infinity":14,"f:60:11:60:17":6,"s:60:17:60:Infinity":15,"s:63:23:66:Infinity":16,"f:63:23:63:24":7,"s:64:4:64:Infinity":17,"s:65:4:65:Infinity":18,"s:68:34:72:Infinity":19,"f:68:34:68:35":8,"s:69:4:69:Infinity":20,"s:70:4:70:Infinity":21,"s:71:4:71:Infinity":22,"s:74:36:74:Infinity":23,"s:76:2:80:Infinity":24,"f:76:12:76:18":9,"b:77:4:79:Infinity:undefined:undefined:undefined:undefined":3,"s:77:4:79:Infinity":25,"s:78:6:78:Infinity":26,"b:78:19:78:50:78:50:78:53":4,"s:82:21:82:Infinity":27,"s:84:15:84:Infinity":28,"b:84:60:84:85:84:85:84:Infinity":5,"s:85:14:85:Infinity":29,"b:85:61:85:87:85:87:85:Infinity":6,"s:87:2:161:Infinity":30,"f:95:21:95:22":10,"s:95:28:95:Infinity":31,"b:97:7:97:36:97:36:97:Infinity:98:8:146:Infinity":7,"f:101:21:101:27":11,"s:101:27:108:Infinity":32,"f:101:40:101:46":12,"s:102:38:102:Infinity":33,"b:103:14:107:Infinity:105:21:107:Infinity":8,"s:103:14:107:Infinity":34,"s:104:16:104:Infinity":35,"s:106:16:106:Infinity":36,"f:116:21:116:27":13,"s:116:27:116:Infinity":37,"f:116:40:116:46":14,"s:116:46:116:70":38,"f:124:21:124:27":15,"s:124:27:124:Infinity":39,"f:124:40:124:46":16,"s:124:46:124:68":40,"f:134:21:134:27":17,"s:134:27:141:Infinity":41,"f:134:40:134:46":18,"s:135:54:135:Infinity":42,"b:136:14:140:Infinity:138:21:140:Infinity":9,"s:136:14:140:Infinity":43,"s:137:16:137:Infinity":44,"s:139:16:139:Infinity":45,"b:149:7:149:33:149:33:149:Infinity:150:8:158:Infinity":10,"f:153:21:153:27":19,"s:153:27:153:Infinity":46,"f:153:51:153:57":20,"s:153:57:153:133":47},"fnNames":{}}}
,"C:\\projects\\grido\\frontend\\src\\components\\editor\\crop-dialog.tsx": {"path":"C:\\projects\\grido\\frontend\\src\\components\\editor\\crop-dialog.tsx","statementMap":{"0":{"start":{"line":33,"column":19},"end":{"line":33,"column":null}},"1":{"start":{"line":33,"column":61},"end":{"line":33,"column":90}},"2":{"start":{"line":34,"column":8},"end":{"line":34,"column":null}},"3":{"start":{"line":37,"column":25},"end":{"line":37,"column":null}},"4":{"start":{"line":39,"column":30},"end":{"line":39,"column":null}},"5":{"start":{"line":40,"column":26},"end":{"line":40,"column":null}},"6":{"start":{"line":41,"column":34},"end":{"line":41,"column":null}},"7":{"start":{"line":43,"column":2},"end":{"line":49,"column":null}},"8":{"start":{"line":44,"column":4},"end":{"line":44,"column":null}},"9":{"start":{"line":45,"column":4},"end":{"line":48,"column":null}},"10":{"start":{"line":46,"column":6},"end":{"line":46,"column":null}},"11":{"start":{"line":47,"column":6},"end":{"line":47,"column":null}},"12":{"start":{"line":51,"column":32},"end":{"line":55,"column":null}},"13":{"start":{"line":52,"column":4},"end":{"line":54,"column":null}},"14":{"start":{"line":53,"column":6},"end":{"line":53,"column":null}},"15":{"start":{"line":57,"column":26},"end":{"line":60,"column":null}},"16":{"start":{"line":58,"column":4},"end":{"line":58,"column":null}},"17":{"start":{"line":59,"column":4},"end":{"line":59,"column":null}},"18":{"start":{"line":63,"column":2},"end":{"line":68,"column":null}},"19":{"start":{"line":64,"column":20},"end":{"line":64,"column":null}},"20":{"start":{"line":65,"column":4},"end":{"line":67,"column":null}},"21":{"start":{"line":66,"column":6},"end":{"line":66,"column":null}},"22":{"start":{"line":70,"column":21},"end":{"line":82,"column":null}},"23":{"start":{"line":71,"column":20},"end":{"line":71,"column":null}},"24":{"start":{"line":72,"column":4},"end":{"line":81,"column":null}},"25":{"start":{"line":73,"column":28},"end":{"line":76,"column":null}},"26":{"start":{"line":77,"column":6},"end":{"line":80,"column":null}},"27":{"start":{"line":78,"column":8},"end":{"line":78,"column":null}},"28":{"start":{"line":79,"column":8},"end":{"line":79,"column":null}},"29":{"start":{"line":84,"column":23},"end":{"line":89,"column":null}},"30":{"start":{"line":85,"column":20},"end":{"line":85,"column":null}},"31":{"start":{"line":86,"column":4},"end":{"line":88,"column":null}},"32":{"start":{"line":87,"column":6},"end":{"line":87,"column":null}},"33":{"start":{"line":91,"column":21},"end":{"line":96,"column":null}},"34":{"start":{"line":92,"column":20},"end":{"line":92,"column":null}},"35":{"start":{"line":93,"column":4},"end":{"line":95,"column":null}},"36":{"start":{"line":94,"column":6},"end":{"line":94,"column":null}},"37":{"start":{"line":98,"column":24},"end":{"line":105,"column":null}},"38":{"start":{"line":107,"column":2},"end":{"line":301,"column":null}},"39":{"start":{"line":176,"column":41},"end":{"line":176,"column":null}},"40":{"start":{"line":190,"column":41},"end":{"line":190,"column":null}},"41":{"start":{"line":209,"column":39},"end":{"line":209,"column":null}},"42":{"start":{"line":210,"column":20},"end":{"line":224,"column":null}},"43":{"start":{"line":221,"column":39},"end":{"line":221,"column":null}},"44":{"start":{"line":238,"column":37},"end":{"line":238,"column":null}},"45":{"start":{"line":289,"column":51},"end":{"line":289,"column":72}}},"fnMap":{"0":{"name":"CropDialog","decl":{"start":{"line":32,"column":16},"end":{"line":32,"column":27}},"loc":{"start":{"line":32,"column":108},"end":{"line":303,"column":null}},"line":32},"1":{"name":"(anonymous_1)","decl":{"start":{"line":33,"column":49},"end":{"line":33,"column":50}},"loc":{"start":{"line":33,"column":61},"end":{"line":33,"column":90}},"line":33},"2":{"name":"(anonymous_2)","decl":{"start":{"line":51,"column":32},"end":{"line":51,"column":38}},"loc":{"start":{"line":51,"column":38},"end":{"line":55,"column":null}},"line":51},"3":{"name":"(anonymous_3)","decl":{"start":{"line":57,"column":26},"end":{"line":57,"column":32}},"loc":{"start":{"line":57,"column":32},"end":{"line":60,"column":null}},"line":57},"4":{"name":"(anonymous_4)","decl":{"start":{"line":63,"column":12},"end":{"line":63,"column":18}},"loc":{"start":{"line":63,"column":18},"end":{"line":68,"column":5}},"line":63},"5":{"name":"(anonymous_5)","decl":{"start":{"line":70,"column":21},"end":{"line":70,"column":27}},"loc":{"start":{"line":70,"column":27},"end":{"line":82,"column":null}},"line":70},"6":{"name":"(anonymous_6)","decl":{"start":{"line":84,"column":23},"end":{"line":84,"column":29}},"loc":{"start":{"line":84,"column":29},"end":{"line":89,"column":null}},"line":84},"7":{"name":"(anonymous_7)","decl":{"start":{"line":91,"column":21},"end":{"line":91,"column":22}},"loc":{"start":{"line":91,"column":41},"end":{"line":96,"column":null}},"line":91},"8":{"name":"(anonymous_8)","decl":{"start":{"line":176,"column":35},"end":{"line":176,"column":41}},"loc":{"start":{"line":176,"column":41},"end":{"line":176,"column":null}},"line":176},"9":{"name":"(anonymous_9)","decl":{"start":{"line":190,"column":35},"end":{"line":190,"column":41}},"loc":{"start":{"line":190,"column":41},"end":{"line":190,"column":null}},"line":190},"10":{"name":"(anonymous_10)","decl":{"start":{"line":208,"column":37},"end":{"line":208,"column":38}},"loc":{"start":{"line":208,"column":46},"end":{"line":226,"column":19}},"line":208},"11":{"name":"(anonymous_11)","decl":{"start":{"line":221,"column":33},"end":{"line":221,"column":39}},"loc":{"start":{"line":221,"column":39},"end":{"line":221,"column":null}},"line":221},"12":{"name":"(anonymous_12)","decl":{"start":{"line":238,"column":31},"end":{"line":238,"column":37}},"loc":{"start":{"line":238,"column":37},"end":{"line":238,"column":null}},"line":238},"13":{"name":"(anonymous_13)","decl":{"start":{"line":289,"column":45},"end":{"line":289,"column":51}},"loc":{"start":{"line":289,"column":51},"end":{"line
[...]
1":{"loc":{"start":{"line":56,"column":9},"end":{"line":56,"column":null}},"type":"if","locations":[{"start":{"line":56,"column":9},"end":{"line":56,"column":null}},{"start":{},"end":{}}],"line":56},"12":{"loc":{"start":{"line":88,"column":23},"end":{"line":88,"column":41}},"type":"default-arg","locations":[{"start":{"line":88,"column":37},"end":{"line":88,"column":41}}],"line":88},"13":{"loc":{"start":{"line":92,"column":17},"end":{"line":92,"column":35}},"type":"default-arg","locations":[{"start":{"line":92,"column":31},"end":{"line":92,"column":35}}],"line":92},"14":{"loc":{"start":{"line":93,"column":9},"end":{"line":93,"column":null}},"type":"if","locations":[{"start":{"line":93,"column":9},"end":{"line":93,"column":null}},{"start":{},"end":{}}],"line":93},"15":{"loc":{"start":{"line":128,"column":23},"end":{"line":128,"column":41}},"type":"default-arg","locations":[{"start":{"line":128,"column":37},"end":{"line":128,"column":41}}],"line":128},"16":{"loc":{"start":{"line":132,"column":17},"end":{"line":132,"column":35}},"type":"default-arg","locations":[{"start":{"line":132,"column":31},"end":{"line":132,"column":35}}],"line":132},"17":{"loc":{"start":{"line":133,"column":9},"end":{"line":133,"column":null}},"type":"if","locations":[{"start":{"line":133,"column":9},"end":{"line":133,"column":null}},{"start":{},"end":{}}],"line":133},"18":{"loc":{"start":{"line":143,"column":37},"end":{"line":143,"column":66}},"type":"default-arg","locations":[{"start":{"line":143,"column":54},"end":{"line":143,"column":66}}],"line":143},"19":{"loc":{"start":{"line":144,"column":6},"end":{"line":146,"column":null}},"type":"if","locations":[{"start":{"line":144,"column":6},"end":{"line":146,"column":null}},{"start":{},"end":{}}],"line":144},"20":{"loc":{"start":{"line":147,"column":6},"end":{"line":157,"column":null}},"type":"if","locations":[{"start":{"line":147,"column":6},"end":{"line":157,"column":null}},{"start":{"line":149,"column":6},"end":{"line":157,"column":null}}],"line":147},"21":{"loc":{"start":{"line":147,"column":10},"end":{"line":147,"column":28}},"type":"binary-expr","locations":[{"start":{"line":147,"column":10},"end":{"line":147,"column":21}},{"start":{"line":147,"column":21},"end":{"line":147,"column":28}}],"line":147},"22":{"loc":{"start":{"line":149,"column":6},"end":{"line":157,"column":null}},"type":"if","locations":[{"start":{"line":149,"column":6},"end":{"line":157,"column":null}},{"start":{},"end":{}}],"line":149},"23":{"loc":{"start":{"line":150,"column":10},"end":{"line":155,"column":null}},"type":"if","locations":[{"start":{"line":150,"column":10},"end":{"line":155,"column":null}},{"start":{},"end":{}}],"line":150},"24":{"loc":{"start":{"line":167,"column":23},"end":{"line":167,"column":41}},"type":"default-arg","locations":[{"start":{"line":167,"column":37},"end":{"line":167,"column":41}}],"line":167},"25":{"loc":{"start":{"line":171,"column":17},"end":{"line":171,"column":35}},"type":"default-arg","locations":[{"start":{"line":171,"column":31},"end":{"line":171,"column":35}}],"line":171},"26":{"loc":{"start":{"line":172,"column":9},"end":{"line":172,"column":null}},"type":"if","locations":[{"start":{"line":172,"column":9},"end":{"line":172,"column":null}},{"start":{},"end":{}}],"line":172},"27":{"loc":{"start":{"line":212,"column":23},"end":{"line":212,"column":41}},"type":"default-arg","locations":[{"start":{"line":212,"column":37},"end":{"line":212,"column":41}}],"line":212},"28":{"loc":{"start":{"line":216,"column":17},"end":{"line":216,"column":35}},"type":"default-arg","locations":[{"start":{"line":216,"column":31},"end":{"line":216,"column":35}}],"line":216},"29":{"loc":{"start":{"line":217,"column":9},"end":{"line":217,"column":null}},"type":"if","locations":[{"start":{"line":217,"column":9},"end":{"line":217,"column":null}},{"start":{},"end":{}}],"line":217},"30":{"loc":{"start":{"line":267,"column":23},"end":{"line":267,"column":41}},"type":"default-arg","locations":[{"start":{"line":267,"column":37},"end":{"line":267,"column":41}}],"line":267},"31":{"loc":{"start":{"line":271,"column":17},"end":{"line":271,"column":35}},"type":"default-arg","locations":[{"start":{"line":271,"column":31},"end":{"line":271,"column":35}}],"line":271},"32":{"loc":{"start":{"line":272,"column":9},"end":{"line":272,"column":null}},"type":"if","locations":[{"start":{"line":272,"column":9},"end":{"line":272,"column":null}},{"start":{},"end":{}}],"line":272},"33":{"loc":{"start":{"line":286,"column":37},"end":{"line":286,"column":66}},"type":"default-arg","locations":[{"start":{"line":286,"column":54},"end":{"line":286,"column":66}}],"line":286},"34":{"loc":{"start":{"line":287,"column":6},"end":{"line":289,"column":null}},"type":"if","locations":[{"start":{"line":287,"column":6},"end":{"line":289,"column":null}},{"start":{},"end":{}}],"line":287},"35":{"loc":{"start":{"line":290,"column":6},"end":{"line":300,"column":null}},"type":"if","locations":[{"start":{"line":290,"column":6},"end":{"line":300,"column":null}},{"start":{"line":292,"column":6},"end":{"line":300,"column":null}}],"line":290},"36":{"loc":{"start":{"line":290,"column":10},"end":{"line":290,"column":28}},"type":"binary-expr","locations":[{"start":{"line":290,"column":10},"end":{"line":290,"column":21}},{"start":{"line":290,"column":21},"end":{"line":290,"column":28}}],"line":290},"37":{"loc":{"start":{"line":292,"column":6},"end":{"line":300,"column":null}},"type":"if","locations":[{"start":{"line":292,"column":6},"end":{"line":300,"column":null}},{"start":{},"end":{}}],"line":292},"38":{"loc":{"start":{"line":293,"column":10},"end":{"line":298,"column":null}},"type":"if","locations":[{"start":{"line":293,"column":10},"end":{"line":298,"column":null}},{"start":{},"end":{}}],"line":293},"39":{"loc":{"start":{"line":1,"column":17},"end":{"line":1,"column":null}},"type":"binary-expr","locations":[{"start":{"line":1,"column":17},"end":{"line":1,"column":null}},{"start":{"line":1,"column":17},"end":{"line":1,"column":null}}],"line":1}},"s":{"0":5,"1":0,"2":0,"3":0,"4":0,"5":0,"6":0,"7":0,"8":0,"9":0,"10":0,"11":0,"12":0,"13":0,"14":0,"15":0,"16":0,"17":0,"18":0,"19":0,"20":0,"21":0,"22":5,"23":0,"24":0,"25":0,"26":0,"27":0,"28":0,"29":0,"30":5,"31":0,"32":0,"33":0,"34":0,"35":0,"36":0,"37":0,"38":0,"39":0,"40":0,"41":0,"42":0,"43":0,"44":0,"45":0,"46":0,"47":0,"48":0,"49":0,"50":0,"51":0,"52":0,"53":0,"54":0,"55":0,"56":0,"57":5,"58":0,"59":0,"60":0,"61":0,"62":0,"63":0,"64":0,"65":0,"66":0,"67":0,"68":0,"69":0,"70":0,"71":0,"72":0,"73":0,"74":0,"75":0,"76":0,"77":0,"78":0,"79":0,"80":5,"81":0,"82":0,"83":0,"84":0,"85":0,"86":0,"87":0,"88":5,"89":0,"90":2,"91":0,"92":2,"93":2,"94":2,"95":2,"96":2,"97":2,"98":2,"99":2,"100":2,"101":2,"102":2,"103":2,"104":2,"105":2,"106":2,"107":2,"108":2,"109":2,"110":2,"111":2,"112":2,"113":2,"114":2,"115":2,"116":2,"117":2,"118":2,"119":2,"120":2,"121":2,"122":2,"123":5,"124":0,"125":0,"126":0,"127":0,"128":0,"129":0,"130":0,"131":0,"132":0,"133":0,"134":0,"135":0,"136":0,"137":0,"138":0,"139":0,"140":0,"141":0,"142":0,"143":0,"144":0,"145":0,"146":0,"147":0,"148":0,"149":0,"150":5},"f":{"0":5,"1":5,"2":0,"3":0,"4":0,"5":5,"6":0,"7":5,"8":0,"9":5,"10":0,"11":0,"12":0,"13":5,"14":0,"15":5,"16":2,"17":5,"18":0,"19":0,"20":0},"b":{"0":[0],"1":[0],"2":[0,0],"3":[0],"4":[0,0],"5":[0,0],"6":[0,0],"7":[0,0],"8":[0,0],"9":[0],"10":[0],"11":[0,0],"12":[0],"13":[0],"14":[0,0],"15":[0],"16":[0],"17":[0,0],"18":[0],"19":[0,0],"20":[0,0],"21":[0,0],"22":[0,0],"23":[0,0],"24":[0],"25":[0],"26":[0,0],"27":[0],"28":[2],"29":[0,2],"30":[0],"31":[0],"32":[0,0],"33":[0],"34":[0,0],"35":[0,0],"36":[0,0],"37":[0,0],"38":[0,0],"39":[5,5]},"meta":{"lastBranch":40,"lastFunction":21,"lastStatement":151,"seen":{"s:1:17:1:Infinity":0,"f:1:7:1:17":0,"f:13:12:13:23":1,"b:13:37:13:41":0,"s:14:9:14:Infinity":1,"f:17:5:17:17":2,"b:17:31:17:35":1,"b:18:9:18:Infinity:undefined:undefined:undefined:undefined":2,"s:18:9:18:Infinity":2,"s:18:41:18:Infinity":3,"s:19:9:19:Infinity":4,"s:20:9:20:Infinity":5,"s:21:9:21:Infinity":6,"s:22:9:22:Infinity":7,"s:23:9:23:Infinity":8,"s:24:9:24:Infinity":9,"f:27:2:27:16":3,"b:27:54:27:66":3,"b:28:6:30:Infinity:undefined:undefined:undefined:undefined":4,"s:28:6:30:Infinity":10,"s:29:10:29:Infinity":11,"b:31:6:41:Infinity:33:6:41:Infinity":5,"s:31:6:41:Infinity":12,"b:31:10:31:21:31:21:31:28":6,"s:32:10:32:Infinity":13,"f:32:34:32:42":4,"s:32:42:32:74":14,"b:33:6:41:Infinity:undefined:undefined:undefined:undefined":7,"s:33:6:41:Infinity":15,"b:34:10:39:Infinity:undefined:undefined:undefined:undefined":8,"s:34:10:39:Infinity":16,"s:35:14:37:Infinity":17,"s:36:18:36:Infinity":18,"s:38:14:38:Infinity":19,"s:40:10:40:Infinity":20,"s:42:6:42:Infinity":21,"s:3:8:3:29":22,"f:51:12:51:23":5,"b:51:37:51:41":9,"s:52:9:52:Infinity":23,"f:55:5:55:17":6,"b:55:31:55:35":10,"b:56:9:56:Infinity:undefined:undefined:undefined:undefined":11,"s:56:9:56:Infinity":24,"s:56:41:56:Infinity":25,"s:57:9:57:Infinity":26,"s:58:9:58:Infinity":27,"s:59:9:59:Infinity":28,"s:60:9:60:Infinity":29,"s:45:8:45:22":30,"f:88:12:88:23":7,"b:88:37:88:41":12,"s:89:9:89:Infinity":31,"f:92:5:92:17":8,"b:92:31:92:35":13,"b:93:9:93:Infinity:undefined:undefined:undefined:undefined":14,"s:93:9:93:Infinity":32,"s:93:41:93:Infinity":33,"s:94:9:94:Infinity":34,"s:95:9:95:Infinity":35,"s:96:9:96:Infinity":36,"s:97:9:97:Infinity":37,"s:98:9:98:Infinity":38,"s:99:9:99:Infinity":39,"s:100:9:100:Infinity":40,"s:101:9:101:Infinity":41,"s:102:9:102:Infinity":42,"s:103:9:103:Infinity":43,"s:104:9:104:Infinity":44,"s:105:9:105:Infinity":45,"s:106:9:106:Infinity":46,"s:107:9:107:Infinity":47,"s:108:9:108:Infinity":48,"s:109:9:109:Infinity":49,"s:110:9:110:Infinity":50,"s:111:9:111:Infinity":51,"s:112:9:112:Infinity":52,"s:113:9:113:Infinity":53,"s:114:9:114:Infinity":54,"s:115:9:115:Infinity":55,"s:116:9:116:Infinity":56,"s:63:8:63:24":57,"f:128:12:128:23":9,"b:128:37:128:41":15,"s:129:9:129:Infinity":58,"f:132:5:132:17":10,"b:132:31:132:35":16,"b:133:9:133:Infinity:undefined:undefined:undefined:undefined":17,"s:133:9:133:Infinity":59,"s:133:41:133:Infinity":60,"s:134:9:134:Infinity":61,"s:135:9:135:Infinity":62,"s:136:9:136:Infinity":63,"s:137:9:137:Infinity":64,"s:138:9:138:Infinity":65,"s:139:9:139:Infinity":66,"s:140:9:140:Infinity":67,"f:143:2:143:16":11,"b:143:54:143:66":18,"b:144:6:146:Infinity:undefined:undefined:undefined:undefined":19,"s:144:6:146:Infinity":68,"s:145:10:145:Infinity":69,"b:147:6:157:Infinity:149:6:157:Infinity":20,"s:147:6:157:Infinity":70,"b:147:10:147:21:147:21:147:28":21,"s:148:10:148:Infinity":71,"f:148:34:148:42":12,"s:148:42:148:74":72,"b:149:6:157:Infinity:undefined:undefined:undefined:undefined":22,"s:149:6:157:Infinity":73,"b:150:10:155:Infinity:undefined:undefined:undefined:undefined":23,"s:150:10:155:Infinity":74,"s:151:14:153:Infinity":75,"s:152:18:152:Infinity":76,"s:154:14:154:Infinity":77,"s:156:10:156:Infinity":78,"s:158:6:158:Infinity":79,"s:119:8:119:27":80,"f:167:12:167:23":13,"b:167:37:167:41":24,"s:168:9:168:Infinity":81,"f:171:5:171:17":14,"b:171:31:171:35":25,"b:172:9:172:Infinity:undefined:undefined:undefined:undefined":26,"s:172:9:172:Infinity":82,"s:172:41:172:Infinity":83,"s:173:9:173:Infinity":84,"s:174:9:174:Infinity":85,"s:175:9:175:Infinity":86,"s:176:9:176:Infinity":87,"s:161:8:161:26":88,"f:212:12:212:23":15,"b:212:37:212:41":27,"s:213:9:213:Infinity":89,"f:216:5:216:17":16,"b:216:31:216:35":28,"b:217:9:217:Infinity:undefined:undefined:undefined:undefined":29,"s:217:9:217:Infinity":90,"s:217:41:217:Infinity":91,"s:218:9:218:Infinity":92,"s:219:9:219:Infinity":93,"s:220:9:220:Infinity":94,"s:221:9:221:Infinity":95,"s:222:9:222:Infinity":96,"s:223:9:223:Infinity":97,"s:224:9:224:Infinity":98,"s:225:9:225:Infinity":99,"s:226:9:226:Infinity":100,"s:227:9:227:Infinity":101,"s:228:9:228:Infinity":102,"s:229:9:229:Infinity":103,"s:230:9:230:Infinity":104,"s:231:9:231:Infinity":105,"s:232:9:232:Infinity":106,"s:233:9:233:Infinity":107,"s:234:9:234:Infinity":108,"s:235:9:235:Infinity":109,"s:236:9:236:Infinity":110,"s:237:9:237:Infinity":111,"s:238:9:238:Infinity":112,"s:239:9:239:Infinity":113,"s:240:9:240:Infinity":114,"s:241:9:241:Infinity":115,"s:242:9:242:Infinity":116,"s:243:9:243:Infinity":117,"s:244:9:244:Infinity":118,"s:245:9:245:Infinity":119,"s:246:9:246:Infinity":120,"s:247:9:247:Infinity":121,"s:248:9:248:Infinity":122,"s:179:8:179:22":123,"f:267:12:267:23":17,"b:267:37:267:41":30,"s:268:9:268:Infinity":124,"f:271:5:271:17":18,"b:271:31:271:35":31,"b:272:9:272:Infinity:undefined:undefined:undefined:undefined":32,"s:272:9:272:Infinity":125,"s:272:41:272:Infinity":126,"s:273:9:273:Infinity":127,"s:274:9:274:Infinity":128,"s:275:9:275:Infinity":129,"s:276:9:276:Infinity":130,"s:277:9:277:Infinity":131,"s:278:9:278:Infinity":132,"s:279:9:279:Infinity":133,"s:280:9:280:Infinity":134,"s:281:9:281:Infinity":135,"s:282:9:282:Infinity":136,"s:283:9:283:Infinity":137,"f:286:2:286:16":19,"b:286:54:286:66":33,"b:287:6:289:Infinity:undefined:undefined:undefined:undefined":34,"s:287:6:289:Infinity":138,"s:288:10:288:Infinity":139,"b:290:6:300:Infinity:292:6:300:Infinity":35,"s:290:6:300:Infinity":140,"b:290:10:290:21:290:21:290:28":36,"s:291:10:291:Infinity":141,"f:291:34:291:42":20,"s:291:42:291:74":142,"b:292:6:300:Infinity:undefined:undefined:undefined:undefined":37,"s:292:6:300:Infinity":143,"b:293:10:298:Infinity:undefined:undefined:undefined:undefined":38,"s:293:10:298:Infinity":144,"s:294:14:296:Infinity":145,"s:295:18:295:Infinity":146,"s:297:14:297:Infinity":147,"s:299:10:299:Infinity":148,"s:301:6:301:Infinity":149,"s:251:8:251:26":150,"b:1:17:1:Infinity:1:17:1:Infinity":39},"fnNames":{}}}
,"C:\\projects\\grido\\frontend\\wailsjs\\go\\handlers\\LicenseHandler.js": {"path":"C:\\projects\\grido\\frontend\\wailsjs\\go\\handlers\\LicenseHandler.js","statementMap":{"0":{"start":{"line":6,"column":2},"end":{"line":6,"column":null}},"1":{"start":{"line":10,"column":2},"end":{"line":10,"column":null}},"2":{"start":{"line":14,"column":2},"end":{"line":14,"column":null}},"3":{"start":{"line":18,"column":2},"end":{"line":18,"column":null}},"4":{"start":{"line":22,"column":2},"end":{"line":22,"column":null}},"5":{"start":{"line":26,"column":2},"end":{"line":26,"column":null}},"6":{"start":{"line":30,"column":2},"end":{"line":30,"column":null}}},"fnMap":{"0":{"name":"ActivateLicenseKey","decl":{"start":{"line":5,"column":16},"end":{"line":5,"column":34}},"loc":{"start":{"line":5,"column":41},"end":{"line":7,"column":null}},"line":5},"1":{"name":"GetLicenseStatus","decl":{"start":{"line":9,"column":16},"end":{"line":9,"column":32}},"loc":{"start":{"line":9,"column":35},"end":{"line":11,"column":null}},"line":9},"2":{"name":"LoginAccount","decl":{"start":{"line":13,"column":16},"end":{"line":13,"column":28}},"loc":{"start":{"line":13,"column":41},"end":{"line":15,"column":null}},"line":13},"3":{"name":"LoginWithGoogle","decl":{"start":{"line":17,"column":16},"end":{"line":17,"column":31}},"loc":{"start":{"line":17,"column":34},"end":{"line":19,"column":null}},"line":17},"4":{"name":"Logout","decl":{"start":{"line":21,"column":16},"end":{"line":21,"column":22}},"loc":{"start":{"line":21,"column":25},"end":{"line":23,"column":null}},"line":21},"5":{"name":"RegisterAccount","decl":{"start":{"line":25,"column":16},"end":{"line":25,"column":31}},"loc":{"start":{"line":25,"column":50},"end":{"line":27,"column":null}},"line":25},"6":{"name":"VerifyOTP","decl":{"start":{"line":29,"column":16},"end":{"line":29,"column":25}},"loc":{"start":{"line":29,"column":38},"end":{"line":31,"column":null}},"line":29}},"branchMap":{},"s":{"0":0,"1":0,"2":0,"3":0,"4":0,"5":0,"6":0},"f":{"0":0,"1":0,"2":0,"3":0,"4":0,"5":0,"6":0},"b":{},"meta":{"lastBranch":0,"lastFunction":7,"lastStatement":7,"seen":{"f:5:16:5:34":0,"s:6:2:6:Infinity":0,"f:9:16:9:32":1,"s:10:2:10:Infinity":1,"f:13:16:13:28":2,"s:14:2:14:Infinity":2,"f:17:16:17:31":3,"s:18:2:18:Infinity":3,"f:21:16:21:22":4,"s:22:2:22:Infinity":4,"f:25:16:25:31":5,"s:26:2:26:Infinity":5,"f:29:16:29:25":6,"s:30:2:30:Infinity":6},"fnNames":{}}}
,"C:\\projects\\grido\\frontend\\wailsjs\\go\\main\\App.js": {"path":"C:\\projects\\grido\\frontend\\wailsjs\\go\\main\\App.js","statementMap":{"0":{"start":{"line":6,"column":2},"end":{"line":6,"column":null}},"1":{"start":{"line":10,"column":2},"end":{"line":10,"column":null}},"2":{"start":{"line":14,"column":2},"end":{"line":14,"column":null}},"3":{"start":{"line":18,"column":2},"end":{"line":18,"column":null}},"4":{"start":{"line":22,"column":2},"end":{"line":22,"column":null}},"5":{"start":{"line":26,"column":2},"end":{"line":26,"column":null}},"6":{"start":{"line":30,"column":2},"end":{"line":30,"column":null}},"7":{"start":{"line":34,"column":2},"end":{"line":34,"column":null}},"8":{"start":{"line":38,"column":2},"end":{"line":38,"column":null}},"9":{"start":{"line":42,"column":2},"end":{"line":42,"column":null}},"10":{"start":{"line":46,"column":2},"end":{"line":46,"column":null}},"11":{"start":{"line":50,"column":2},"end":{"line":50,"column":null}}},"fnMap":{"0":{"name":"ApplyMaskToImage","decl":{"start":{"line":5,"column":16},"end":{"line":5,"column":32}},"loc":{"start":{"line":5,"column":57},"end":{"line":7,"column":null}},"line":5},"1":{"name":"ClearAutoSave","decl":{"start":{"line":9,"column":16},"end":{"line":9,"column":29}},"loc":{"start":{"line":9,"column":32},"end":{"line":11,"column":null}},"line":9},"2":{"name":"DeleteCustomTemplate","decl":{"start":{"line":13,"column":16},"end":{"line":13,"column":36}},"loc":{"start":{"line":13,"column":43},"end":{"line":15,"column":null}},"line":13},"3":{"name":"GetCustomTemplates","decl":{"start":{"line":17,"column":16},"end":{"line":17,"column":34}},"loc":{"start":{"line":17,"column":37},"end":{"line":19,"column":null}},"line":17},"4":{"name":"LoadAutoSave","decl":{"start":{"line":21,"column":16},"end":{"line":21,"column":28}},"loc":{"start":{"line":21,"column":31},"end":{"line":23,"column":null}},"line":21},"5":{"name":"OpenFile","decl":{"start":{"line":25,"column":16},"end":{"line":25,"column":24}},"loc":{"start":{"line":25,"column":27},"end":{"line":27,"column":null}},"line":25},"6":{"name":"OpenMultipleFiles","decl":{"start":{"line":29,"column":16},"end":{"line":29,"column":33}},"loc":{"start":{"line":29,"column":36},"end":{"line":31,"column":null}},"line":29},"7":{"name":"SaveAutoSave","decl":{"start":{"line":33,"column":16},"end":{"line":33,"column":28}},"loc":{"start":{"line":33,"column":35},"end":{"line":35,"column":null}},"line":33},"8":{"name":"SaveCustomTemplate","decl":{"start":{"line":37,"column":16},"end":{"line":37,"column":34}},"loc":{"start":{"line":37,"column":53},"end":{"line":39,"column":null}},"line":37},"9":{"name":"SaveFile","decl":{"start":{"line":41,"column":16},"end":{"line":41,"column":24}},"loc":{"start":{"line":41,"column":31},"end":{"line":43,"column":null}},"line":41},"10":{"name":"SaveFileDialog","decl":{"start":{"line":45,"column":16},"end":{"line":45,"column":30}},"loc":{"start":{"line":45,"column":55},"end":{"line":47,"column":null}},"line":45},"11":{"name":"SaveImageFromBase64","decl":{"start":{"line":49,"column":16},"end":{"line":49,"column":35}},"loc":{"start":{"line":49,"column":42},"end":{"line":51,"column":null}},"line":49}},"branchMap":{},"s":{"0":0,"1":0,"2":0,"3":0,"4":2,"5":0,"6":0,"7":3,"8":0,"9":0,"10":4,"11":0},"f":{"0":0,"1":0,"2":0,"3":0,"4":2,"5":0,"6":0,"7":3,"8":0,"9":0,"10":4,"11":0},"b":{},"meta":{"lastBranch":0,"lastFunction":12,"lastStatement":12,"seen":{"f:5:16:5:32":0,"s:6:2:6:Infinity":0,"f:9:16:9:29":1,"s:10:2:10:Infinity":1,"f:13:16:13:36":2,"s:14:2:14:Infinity":2,"f:17:16:17:34":3,"s:18:2:18:Infinity":3,"f:21:16:21:28":4,"s:22:2:22:Infinity":4,"f:25:16:25:24":5,"s:26:2:26:Infinity":5,"f:29:16:29:33":6,"s:30:2:30:Infinity":6,"f:33:16:33:28":7,"s:34:2:34:Infinity":7,"f:37:16:37:34":8,"s:38:2:38:Infinity":8,"f:41:16:41:24":9,"s:42:2:42:Infinity":9,"f:45:16:45:30":10,"s:46:2:46:Infinity":10,"f:49:16:49:35":11,"s:50:2:50:Infinity":11},"fnNames":{}}}
}
